#
# There is insufficient memory for the Java Runtime Environment to continue.
# Native memory allocation (mmap) failed to map 205520896 bytes for G1 virtual space
# Possible reasons:
#   The system is out of physical RAM or swap space
#   The process is running with CompressedOops enabled, and the Java Heap may be blocking the growth of the native heap
# Possible solutions:
#   Reduce memory load on the system
#   Increase physical memory or swap space
#   Check if swap backing store is full
#   Decrease Java heap size (-Xmx/-Xms)
#   Decrease number of Java threads
#   Decrease Java thread stack sizes (-Xss)
#   Set larger code cache with -XX:ReservedCodeCacheSize=
#   JVM is running with Zero Based Compressed Oops mode in which the Java heap is
#     placed in the first 32GB address space. The Java Heap base address is the
#     maximum limit for the native heap growth. Please use -XX:HeapBaseMinAddress
#     to set the Java Heap base and to place the Java Heap above 32GB virtual address.
# This output file may be truncated or incomplete.
#
#  Out of Memory Error (os_windows.cpp:3550), pid=11668, tid=12096
#
# JRE version: Java(TM) SE Runtime Environment (17.0.8+9) (build 17.0.8+9-LTS-211)
# Java VM: Java HotSpot(TM) 64-Bit Server VM (17.0.8+9-LTS-211, mixed mode, emulated-client, sharing, tiered, compressed oops, compressed class ptrs, g1 gc, windows-amd64)
# No core dump will be written. Minidumps are not enabled by default on client versions of Windows
#

---------------  S U M M A R Y ------------

Command Line: -XX:TieredStopAtLevel=1 -Dspring.output.ansi.enabled=always -Dcom.sun.management.jmxremote -Dspring.jmx.enabled=true -Dspring.liveBeansView.mbeanDomain -Dspring.application.admin.enabled=true -Dmanagement.endpoints.jmx.exposure.include=* -javaagent:D:\Program Files\IntelliJ\IntelliJ IDEA 2024.3\lib\idea_rt.jar=32321:D:\Program Files\IntelliJ\IntelliJ IDEA 2024.3/bin -Dfile.encoding=UTF-8 com.duongw.commonservice.CommonServiceApplication

Host: 11th Gen Intel(R) Core(TM) i5-1135G7 @ 2.40GHz, 8 cores, 31G,  Windows 10 , 64 bit Build 19041 (10.0.19041.5198)
Time: Sun Feb 16 10:00:51 2025 SE Asia Standard Time elapsed time: 11.747503 seconds (0d 0h 0m 11s)

---------------  T H R E A D  ---------------

Current thread (0x000001b77f683030):  VMThread "VM Thread" [stack: 0x0000009d70600000,0x0000009d70700000] [id=12096]

Stack: [0x0000009d70600000,0x0000009d70700000]
Native frames: (J=compiled Java code, j=interpreted, Vv=VM code, C=native code)
V  [jvm.dll+0x677d0a]
V  [jvm.dll+0x7d8c54]
V  [jvm.dll+0x7da3fe]
V  [jvm.dll+0x7daa63]
V  [jvm.dll+0x245c5f]
V  [jvm.dll+0x674bb9]
V  [jvm.dll+0x6694f2]
V  [jvm.dll+0x3031d6]
V  [jvm.dll+0x30a756]
V  [jvm.dll+0x359f9e]
V  [jvm.dll+0x35a1cf]
V  [jvm.dll+0x2da3e8]
V  [jvm.dll+0x2d87f5]
V  [jvm.dll+0x2d7dfc]
V  [jvm.dll+0x31b4cb]
V  [jvm.dll+0x7df26b]
V  [jvm.dll+0x7dffa4]
V  [jvm.dll+0x7e04bd]
V  [jvm.dll+0x7e0894]
V  [jvm.dll+0x7e0960]
V  [jvm.dll+0x788bba]
V  [jvm.dll+0x676b35]
C  [ucrtbase.dll+0x21bb2]
C  [KERNEL32.DLL+0x17374]
C  [ntdll.dll+0x4cc91]

VM_Operation (0x0000009d723fb7e0): G1CollectForAllocation, mode: safepoint, requested by thread 0x000001b7484e7650


---------------  P R O C E S S  ---------------

Threads class SMR info:
_java_thread_list=0x000001b74b26f2d0, length=35, elements={
0x000001b761ca3a60, 0x000001b77f6889e0, 0x000001b77f6894a0, 0x000001b77f697f60,
0x000001b77f698a20, 0x000001b77f69b2f0, 0x000001b77f69dbc0, 0x000001b77f69e480,
0x000001b77f69f190, 0x000001b77f674790, 0x000001b7431f6620, 0x000001b74395a520,
0x000001b74395a9f0, 0x000001b743accb90, 0x000001b743a873d0, 0x000001b743b03000,
0x000001b743b7e320, 0x000001b743b92820, 0x000001b7484eab40, 0x000001b7484e7650,
0x000001b748f5b4f0, 0x000001b7484e9330, 0x000001b7484e7b20, 0x000001b7484e8990,
0x000001b74a5fe550, 0x000001b74a601570, 0x000001b74a600700, 0x000001b74a5fb060,
0x000001b74a5fb530, 0x000001b74a5ff3c0, 0x000001b74a5fba00, 0x000001b74a5fbed0,
0x000001b74a600230, 0x000001b74a5fd6e0, 0x000001b74a5fdbb0
}

Java Threads: ( => current thread )
  0x000001b761ca3a60 JavaThread "main" [_thread_blocked, id=8284, stack(0x0000009d70000000,0x0000009d70100000)]
  0x000001b77f6889e0 JavaThread "Reference Handler" daemon [_thread_blocked, id=10932, stack(0x0000009d70700000,0x0000009d70800000)]
  0x000001b77f6894a0 JavaThread "Finalizer" daemon [_thread_blocked, id=13240, stack(0x0000009d70800000,0x0000009d70900000)]
  0x000001b77f697f60 JavaThread "Signal Dispatcher" daemon [_thread_blocked, id=23396, stack(0x0000009d70900000,0x0000009d70a00000)]
  0x000001b77f698a20 JavaThread "Attach Listener" daemon [_thread_blocked, id=22600, stack(0x0000009d70a00000,0x0000009d70b00000)]
  0x000001b77f69b2f0 JavaThread "Service Thread" daemon [_thread_blocked, id=12256, stack(0x0000009d70b00000,0x0000009d70c00000)]
  0x000001b77f69dbc0 JavaThread "Monitor Deflation Thread" daemon [_thread_blocked, id=10848, stack(0x0000009d70c00000,0x0000009d70d00000)]
  0x000001b77f69e480 JavaThread "C1 CompilerThread0" daemon [_thread_blocked, id=3544, stack(0x0000009d70d00000,0x0000009d70e00000)]
  0x000001b77f69f190 JavaThread "Sweeper thread" daemon [_thread_blocked, id=584, stack(0x0000009d70e00000,0x0000009d70f00000)]
  0x000001b77f674790 JavaThread "Common-Cleaner" daemon [_thread_blocked, id=22788, stack(0x0000009d70f00000,0x0000009d71000000)]
  0x000001b7431f6620 JavaThread "C1 CompilerThread1" daemon [_thread_blocked, id=22052, stack(0x0000009d71000000,0x0000009d71100000)]
  0x000001b74395a520 JavaThread "Monitor Ctrl-Break" daemon [_thread_in_native, id=920, stack(0x0000009d71100000,0x0000009d71200000)]
  0x000001b74395a9f0 JavaThread "Notification Thread" daemon [_thread_blocked, id=1844, stack(0x0000009d71200000,0x0000009d71300000)]
  0x000001b743accb90 JavaThread "C1 CompilerThread2" daemon [_thread_blocked, id=23296, stack(0x0000009d71300000,0x0000009d71400000)]
  0x000001b743a873d0 JavaThread "RMI TCP Accept-0" daemon [_thread_in_native, id=21224, stack(0x0000009d71400000,0x0000009d71500000)]
  0x000001b743b03000 JavaThread "RMI TCP Connection(1)-192.168.3.20" daemon [_thread_in_native, id=7044, stack(0x0000009d71500000,0x0000009d71600000)]
  0x000001b743b7e320 JavaThread "RMI Scheduler(0)" daemon [_thread_blocked, id=3712, stack(0x0000009d72000000,0x0000009d72100000)]
  0x000001b743b92820 JavaThread "JMX server connection timeout 20" daemon [_thread_blocked, id=6764, stack(0x0000009d72100000,0x0000009d72200000)]
  0x000001b7484eab40 JavaThread "Thread-0" [_thread_blocked, id=4084, stack(0x0000009d72200000,0x0000009d72300000)]
  0x000001b7484e7650 JavaThread "restartedMain" [_thread_blocked, id=11520, stack(0x0000009d72300000,0x0000009d72400000)]
  0x000001b748f5b4f0 JavaThread "C1 CompilerThread3" daemon [_thread_blocked, id=22312, stack(0x0000009d72500000,0x0000009d72600000)]
  0x000001b7484e9330 JavaThread "Catalina-utility-1" [_thread_blocked, id=23532, stack(0x0000009d72400000,0x0000009d72500000)]
  0x000001b7484e7b20 JavaThread "Catalina-utility-2" [_thread_blocked, id=17484, stack(0x0000009d72700000,0x0000009d72800000)]
  0x000001b7484e8990 JavaThread "container-0" [_thread_blocked, id=21256, stack(0x0000009d72800000,0x0000009d72900000)]
  0x000001b74a5fe550 JavaThread "oracle.jdbc.diagnostics.Diagnostic.CLOCK" daemon [_thread_blocked, id=8992, stack(0x0000009d72900000,0x0000009d72a00000)]
  0x000001b74a601570 JavaThread "oracle.jdbc.driver.BlockSource.ThreadedCachingBlockSource.BlockReleaser" daemon [_thread_blocked, id=22212, stack(0x0000009d72a00000,0x0000009d72b00000)]
  0x000001b74a600700 JavaThread "InterruptTimer" daemon [_thread_blocked, id=19564, stack(0x0000009d72c00000,0x0000009d72d00000)]
  0x000001b74a5fb060 JavaThread "OJDBC-WORKER-THREAD-1" daemon [_thread_blocked, id=22996, stack(0x0000009d72d00000,0x0000009d72e00000)]
  0x000001b74a5fb530 JavaThread "HikariPool-1 housekeeper" daemon [_thread_blocked, id=21528, stack(0x0000009d72e00000,0x0000009d72f00000)]
  0x000001b74a5ff3c0 JavaThread "HikariPool-1 connection adder" daemon [_thread_blocked, id=22300, stack(0x0000009d72f00000,0x0000009d73000000)]
  0x000001b74a5fba00 JavaThread "RMI TCP Connection(2)-192.168.3.20" daemon [_thread_in_native, id=1952, stack(0x0000009d73000000,0x0000009d73100000)]
  0x000001b74a5fbed0 JavaThread "OkHttp Dispatcher" [_thread_blocked, id=4376, stack(0x0000009d73600000,0x0000009d73700000)]
  0x000001b74a600230 JavaThread "OkHttp TaskRunner" daemon [_thread_blocked, id=22948, stack(0x0000009d73700000,0x0000009d73800000)]
  0x000001b74a5fd6e0 JavaThread "Okio Watchdog" daemon [_thread_blocked, id=21800, stack(0x0000009d73800000,0x0000009d73900000)]
  0x000001b74a5fdbb0 JavaThread "OkHttp Dispatcher" [_thread_blocked, id=8524, stack(0x0000009d73900000,0x0000009d73a00000)]

Other Threads:
=>0x000001b77f683030 VMThread "VM Thread" [stack: 0x0000009d70600000,0x0000009d70700000] [id=12096]
  0x000001b77f4edcc0 WatcherThread [stack: 0x0000009d71600000,0x0000009d71700000] [id=2976]
  0x000001b761d4ea40 GCTaskThread "GC Thread#0" [stack: 0x0000009d70100000,0x0000009d70200000] [id=19516]
  0x000001b743a7a3c0 GCTaskThread "GC Thread#1" [stack: 0x0000009d71700000,0x0000009d71800000] [id=7056]
  0x000001b743a878a0 GCTaskThread "GC Thread#2" [stack: 0x0000009d71800000,0x0000009d71900000] [id=21968]
  0x000001b743b024c0 GCTaskThread "GC Thread#3" [stack: 0x0000009d71900000,0x0000009d71a00000] [id=23528]
  0x000001b743b02770 GCTaskThread "GC Thread#4" [stack: 0x0000009d71a00000,0x0000009d71b00000] [id=9060]
  0x000001b743acc160 GCTaskThread "GC Thread#5" [stack: 0x0000009d71b00000,0x0000009d71c00000] [id=18104]
  0x000001b743acc410 GCTaskThread "GC Thread#6" [stack: 0x0000009d71c00000,0x0000009d71d00000] [id=11512]
  0x000001b743b05650 GCTaskThread "GC Thread#7" [stack: 0x0000009d71d00000,0x0000009d71e00000] [id=18492]
  0x000001b77f4e4020 ConcurrentGCThread "G1 Main Marker" [stack: 0x0000009d70200000,0x0000009d70300000] [id=18528]
  0x000001b77f4e4940 ConcurrentGCThread "G1 Conc#0" [stack: 0x0000009d70300000,0x0000009d70400000] [id=5440]
  0x000001b74845a5d0 ConcurrentGCThread "G1 Conc#1" [stack: 0x0000009d72600000,0x0000009d72700000] [id=3212]
  0x000001b77f5ba8f0 ConcurrentGCThread "G1 Refine#0" [stack: 0x0000009d70400000,0x0000009d70500000] [id=15212]
  0x000001b743b05900 ConcurrentGCThread "G1 Refine#1" [stack: 0x0000009d71e00000,0x0000009d71f00000] [id=6968]
  0x000001b743b05be0 ConcurrentGCThread "G1 Refine#2" [stack: 0x0000009d71f00000,0x0000009d72000000] [id=21328]
  0x000001b74a40fa00 ConcurrentGCThread "G1 Refine#3" [stack: 0x0000009d73100000,0x0000009d73200000] [id=22276]
  0x000001b74a40c640 ConcurrentGCThread "G1 Refine#4" [stack: 0x0000009d73200000,0x0000009d73300000] [id=14400]
  0x000001b74a40fce0 ConcurrentGCThread "G1 Refine#5" [stack: 0x0000009d73300000,0x0000009d73400000] [id=19480]
  0x000001b74a40dd40 ConcurrentGCThread "G1 Refine#6" [stack: 0x0000009d73400000,0x0000009d73500000] [id=18544]
  0x000001b74a40c080 ConcurrentGCThread "G1 Refine#7" [stack: 0x0000009d73500000,0x0000009d73600000] [id=18920]
  0x000001b77f5bb230 ConcurrentGCThread "G1 Service" [stack: 0x0000009d70500000,0x0000009d70600000] [id=13452]

Threads with active compile tasks:

VM state: at safepoint (normal execution)

VM Mutex/Monitor currently owned by a thread:  ([mutex/lock_event])
[0x000001b761c9ebb0] Threads_lock - owner thread: 0x000001b77f683030
[0x000001b761c9f8a0] Heap_lock - owner thread: 0x000001b7484e7650

Heap address: 0x0000000603800000, size: 8136 MB, Compressed Oops mode: Zero based, Oop shift amount: 3

CDS archive(s) mapped at: [0x000001b702000000-0x000001b702bd0000-0x000001b702bd0000), size 12386304, SharedBaseAddress: 0x000001b702000000, ArchiveRelocationMode: 1.
Compressed class space mapped at: 0x000001b703000000-0x000001b743000000, reserved size: 1073741824
Narrow klass base: 0x000001b702000000, Narrow klass shift: 0, Narrow klass range: 0x100000000

GC Precious Log:
 CPUs: 8 total, 8 available
 Memory: 32533M
 Large Page Support: Disabled
 NUMA Support: Disabled
 Compressed Oops: Enabled (Zero based)
 Heap Region Size: 4M
 Heap Min Capacity: 8M
 Heap Initial Capacity: 512M
 Heap Max Capacity: 8136M
 Pre-touch: Disabled
 Parallel Workers: 8
 Concurrent Workers: 2
 Concurrent Refinement Workers: 8
 Periodic GC: Disabled

Heap:
 garbage-first heap   total 323584K, used 130331K [0x0000000603800000, 0x0000000800000000)
  region size 4096K, 2 young (8192K), 2 survivors (8192K)
 Metaspace       used 91521K, committed 92224K, reserved 1179648K
  class space    used 13209K, committed 13568K, reserved 1048576K

Heap Regions: E=young(eden), S=young(survivor), O=old, HS=humongous(starts), HC=humongous(continues), CS=collection set, F=free, OA=open archive, CA=closed archive, TAMS=top-at-mark-start (previous, next)
|   0|0x0000000603800000, 0x0000000603c00000, 0x0000000603c00000|100%| O|  |TAMS 0x0000000603c00000, 0x0000000603800000| Untracked 
|   1|0x0000000603c00000, 0x0000000604000000, 0x0000000604000000|100%| O|  |TAMS 0x0000000604000000, 0x0000000603c00000| Untracked 
|   2|0x0000000604000000, 0x0000000604400000, 0x0000000604400000|100%| O|  |TAMS 0x0000000604400000, 0x0000000604000000| Untracked 
|   3|0x0000000604400000, 0x0000000604800000, 0x0000000604800000|100%| O|  |TAMS 0x0000000604800000, 0x0000000604400000| Untracked 
|   4|0x0000000604800000, 0x0000000604c00000, 0x0000000604c00000|100%| O|  |TAMS 0x0000000604c00000, 0x0000000604800000| Untracked 
|   5|0x0000000604c00000, 0x0000000605000000, 0x0000000605000000|100%| O|  |TAMS 0x0000000605000000, 0x0000000604c00000| Untracked 
|   6|0x0000000605000000, 0x0000000605400000, 0x0000000605400000|100%| O|  |TAMS 0x0000000605400000, 0x0000000605000000| Untracked 
|   7|0x0000000605400000, 0x0000000605800000, 0x0000000605800000|100%| O|  |TAMS 0x0000000605800000, 0x0000000605400000| Untracked 
|   8|0x0000000605800000, 0x0000000605c00000, 0x0000000605c00000|100%| O|  |TAMS 0x0000000605c00000, 0x0000000605800000| Untracked 
|   9|0x0000000605c00000, 0x0000000606000000, 0x0000000606000000|100%| O|  |TAMS 0x0000000606000000, 0x0000000605c00000| Untracked 
|  10|0x0000000606000000, 0x0000000606400000, 0x0000000606400000|100%| O|  |TAMS 0x0000000606400000, 0x0000000606000000| Untracked 
|  11|0x0000000606400000, 0x0000000606800000, 0x0000000606800000|100%| O|  |TAMS 0x00000006067d6c00, 0x0000000606400000| Untracked 
|  12|0x0000000606800000, 0x0000000606c00000, 0x0000000606c00000|100%| O|  |TAMS 0x0000000606800000, 0x0000000606800000| Untracked 
|  13|0x0000000606c00000, 0x0000000607000000, 0x0000000607000000|100%| O|  |TAMS 0x0000000606c00000, 0x0000000606c00000| Untracked 
|  14|0x0000000607000000, 0x0000000607400000, 0x0000000607400000|100%| O|  |TAMS 0x0000000607000000, 0x0000000607000000| Untracked 
|  15|0x0000000607400000, 0x0000000607800000, 0x0000000607800000|100%| O|  |TAMS 0x0000000607400000, 0x0000000607400000| Untracked 
|  16|0x0000000607800000, 0x0000000607c00000, 0x0000000607c00000|100%| O|  |TAMS 0x0000000607800000, 0x0000000607800000| Untracked 
|  17|0x0000000607c00000, 0x0000000608000000, 0x0000000608000000|100%| O|  |TAMS 0x0000000607c00000, 0x0000000607c00000| Untracked 
|  18|0x0000000608000000, 0x0000000608400000, 0x0000000608400000|100%| O|  |TAMS 0x0000000608000000, 0x0000000608000000| Untracked 
|  19|0x0000000608400000, 0x0000000608800000, 0x0000000608800000|100%| O|  |TAMS 0x0000000608400000, 0x0000000608400000| Untracked 
|  20|0x0000000608800000, 0x0000000608c00000, 0x0000000608c00000|100%| O|  |TAMS 0x0000000608800000, 0x0000000608800000| Untracked 
|  21|0x0000000608c00000, 0x0000000609000000, 0x0000000609000000|100%| O|  |TAMS 0x0000000608c00000, 0x0000000608c00000| Untracked 
|  22|0x0000000609000000, 0x0000000609400000, 0x0000000609400000|100%| O|  |TAMS 0x0000000609000000, 0x0000000609000000| Untracked 
|  23|0x0000000609400000, 0x0000000609800000, 0x0000000609800000|100%| O|  |TAMS 0x0000000609400000, 0x0000000609400000| Untracked 
|  24|0x0000000609800000, 0x0000000609c00000, 0x0000000609c00000|100%| O|  |TAMS 0x0000000609800000, 0x0000000609800000| Untracked 
|  25|0x0000000609c00000, 0x000000060a000000, 0x000000060a000000|100%| O|  |TAMS 0x0000000609c00000, 0x0000000609c00000| Untracked 
|  26|0x000000060a000000, 0x000000060a400000, 0x000000060a400000|100%| O|  |TAMS 0x000000060a000000, 0x000000060a000000| Untracked 
|  27|0x000000060a400000, 0x000000060a800000, 0x000000060a800000|100%| O|  |TAMS 0x000000060a400000, 0x000000060a400000| Untracked 
|  28|0x000000060a800000, 0x000000060ac00000, 0x000000060ac00000|100%| O|  |TAMS 0x000000060a800000, 0x000000060a800000| Untracked 
|  29|0x000000060ac00000, 0x000000060b000000, 0x000000060b000000|100%| O|  |TAMS 0x000000060ac00000, 0x000000060ac00000| Untracked 
|  30|0x000000060b000000, 0x000000060b000000, 0x000000060b400000|  0%| F|  |TAMS 0x000000060b000000, 0x000000060b000000| Untracked 
|  31|0x000000060b400000, 0x000000060b400000, 0x000000060b800000|  0%| F|  |TAMS 0x000000060b400000, 0x000000060b400000| Untracked 
|  32|0x000000060b800000, 0x000000060b800000, 0x000000060bc00000|  0%| F|  |TAMS 0x000000060b800000, 0x000000060b800000| Untracked 
|  33|0x000000060bc00000, 0x000000060bc00000, 0x000000060c000000|  0%| F|  |TAMS 0x000000060bc00000, 0x000000060bc00000| Untracked 
|  34|0x000000060c000000, 0x000000060c1bde00, 0x000000060c400000| 43%| O|  |TAMS 0x000000060c000000, 0x000000060c000000| Untracked 
|  35|0x000000060c400000, 0x000000060c400000, 0x000000060c800000|  0%| F|  |TAMS 0x000000060c400000, 0x000000060c400000| Untracked 
|  36|0x000000060c800000, 0x000000060c800000, 0x000000060cc00000|  0%| F|  |TAMS 0x000000060c800000, 0x000000060c800000| Untracked 
|  37|0x000000060cc00000, 0x000000060cc00000, 0x000000060d000000|  0%| F|  |TAMS 0x000000060cc00000, 0x000000060cc00000| Untracked 
|  38|0x000000060d000000, 0x000000060d000000, 0x000000060d400000|  0%| F|  |TAMS 0x000000060d000000, 0x000000060d000000| Untracked 
|  39|0x000000060d400000, 0x000000060d400000, 0x000000060d800000|  0%| F|  |TAMS 0x000000060d400000, 0x000000060d400000| Untracked 
|  40|0x000000060d800000, 0x000000060d800000, 0x000000060dc00000|  0%| F|  |TAMS 0x000000060d800000, 0x000000060d800000| Untracked 
|  41|0x000000060dc00000, 0x000000060dc00000, 0x000000060e000000|  0%| F|  |TAMS 0x000000060dc00000, 0x000000060dc00000| Untracked 
|  42|0x000000060e000000, 0x000000060e000000, 0x000000060e400000|  0%| F|  |TAMS 0x000000060e000000, 0x000000060e000000| Untracked 
|  43|0x000000060e400000, 0x000000060e400000, 0x000000060e800000|  0%| F|  |TAMS 0x000000060e400000, 0x000000060e400000| Untracked 
|  44|0x000000060e800000, 0x000000060e800000, 0x000000060ec00000|  0%| F|  |TAMS 0x000000060e800000, 0x000000060e800000| Untracked 
|  45|0x000000060ec00000, 0x000000060ed88f28, 0x000000060f000000| 38%| S|CS|TAMS 0x000000060ec00000, 0x000000060ec00000| Complete 
|  46|0x000000060f000000, 0x000000060f000000, 0x000000060f400000|  0%| F|  |TAMS 0x000000060f000000, 0x000000060f000000| Untracked 
|  47|0x000000060f400000, 0x000000060f800000, 0x000000060f800000|100%| S|CS|TAMS 0x000000060f400000, 0x000000060f400000| Complete 
|  48|0x000000060f800000, 0x000000060f800000, 0x000000060fc00000|  0%| F|  |TAMS 0x000000060f800000, 0x000000060f800000| Untracked 
|  49|0x000000060fc00000, 0x000000060fc00000, 0x0000000610000000|  0%| F|  |TAMS 0x000000060fc00000, 0x000000060fc00000| Untracked 
|  50|0x0000000610000000, 0x0000000610000000, 0x0000000610400000|  0%| F|  |TAMS 0x0000000610000000, 0x0000000610000000| Untracked 
|  51|0x0000000610400000, 0x0000000610400000, 0x0000000610800000|  0%| F|  |TAMS 0x0000000610400000, 0x0000000610400000| Untracked 
|  52|0x0000000610800000, 0x0000000610800000, 0x0000000610c00000|  0%| F|  |TAMS 0x0000000610800000, 0x0000000610800000| Untracked 
|  53|0x0000000610c00000, 0x0000000610c00000, 0x0000000611000000|  0%| F|  |TAMS 0x0000000610c00000, 0x0000000610c00000| Untracked 
|  54|0x0000000611000000, 0x0000000611000000, 0x0000000611400000|  0%| F|  |TAMS 0x0000000611000000, 0x0000000611000000| Untracked 
|  55|0x0000000611400000, 0x0000000611400000, 0x0000000611800000|  0%| F|  |TAMS 0x0000000611400000, 0x0000000611400000| Untracked 
|  56|0x0000000611800000, 0x0000000611800000, 0x0000000611c00000|  0%| F|  |TAMS 0x0000000611800000, 0x0000000611800000| Untracked 
|  57|0x0000000611c00000, 0x0000000611c00000, 0x0000000612000000|  0%| F|  |TAMS 0x0000000611c00000, 0x0000000611c00000| Untracked 
|  58|0x0000000612000000, 0x0000000612000000, 0x0000000612400000|  0%| F|  |TAMS 0x0000000612000000, 0x0000000612000000| Untracked 
|  59|0x0000000612400000, 0x0000000612400000, 0x0000000612800000|  0%| F|  |TAMS 0x0000000612400000, 0x0000000612400000| Untracked 
|  60|0x0000000612800000, 0x0000000612800000, 0x0000000612c00000|  0%| F|  |TAMS 0x0000000612800000, 0x0000000612800000| Untracked 
|  61|0x0000000612c00000, 0x0000000612c00000, 0x0000000613000000|  0%| F|  |TAMS 0x0000000612c00000, 0x0000000612c00000| Untracked 
|  62|0x0000000613000000, 0x0000000613000000, 0x0000000613400000|  0%| F|  |TAMS 0x0000000613000000, 0x0000000613000000| Untracked 
|  63|0x0000000613400000, 0x0000000613400000, 0x0000000613800000|  0%| F|  |TAMS 0x0000000613400000, 0x0000000613400000| Untracked 
|  64|0x0000000613800000, 0x0000000613800000, 0x0000000613c00000|  0%| F|  |TAMS 0x0000000613800000, 0x0000000613800000| Untracked 
|  65|0x0000000613c00000, 0x0000000613c00000, 0x0000000614000000|  0%| F|  |TAMS 0x0000000613c00000, 0x0000000613c00000| Untracked 
|  66|0x0000000614000000, 0x0000000614000000, 0x0000000614400000|  0%| F|  |TAMS 0x0000000614000000, 0x0000000614000000| Untracked 
|  67|0x0000000614400000, 0x0000000614400000, 0x0000000614800000|  0%| F|  |TAMS 0x0000000614400000, 0x0000000614400000| Untracked 
|  68|0x0000000614800000, 0x0000000614800000, 0x0000000614c00000|  0%| F|  |TAMS 0x0000000614800000, 0x0000000614800000| Untracked 
|  69|0x0000000614c00000, 0x0000000614c00000, 0x0000000615000000|  0%| F|  |TAMS 0x0000000614c00000, 0x0000000614c00000| Untracked 
|  70|0x0000000615000000, 0x0000000615000000, 0x0000000615400000|  0%| F|  |TAMS 0x0000000615000000, 0x0000000615000000| Untracked 
|  71|0x0000000615400000, 0x0000000615400000, 0x0000000615800000|  0%| F|  |TAMS 0x0000000615400000, 0x0000000615400000| Untracked 
|  72|0x0000000615800000, 0x0000000615800000, 0x0000000615c00000|  0%| F|  |TAMS 0x0000000615800000, 0x0000000615800000| Untracked 
|  73|0x0000000615c00000, 0x0000000615c00000, 0x0000000616000000|  0%| F|  |TAMS 0x0000000615c00000, 0x0000000615c00000| Untracked 
|  74|0x0000000616000000, 0x0000000616000000, 0x0000000616400000|  0%| F|  |TAMS 0x0000000616000000, 0x0000000616000000| Untracked 
|  75|0x0000000616400000, 0x0000000616400000, 0x0000000616800000|  0%| F|  |TAMS 0x0000000616400000, 0x0000000616400000| Untracked 
|  76|0x0000000616800000, 0x0000000616800000, 0x0000000616c00000|  0%| F|  |TAMS 0x0000000616800000, 0x0000000616800000| Untracked 
|  77|0x0000000616c00000, 0x0000000616c00000, 0x0000000617000000|  0%| F|  |TAMS 0x0000000616c00000, 0x0000000616c00000| Untracked 
| 127|0x0000000623400000, 0x0000000623400000, 0x0000000623800000|  0%| F|  |TAMS 0x0000000623400000, 0x0000000623400000| Untracked 

Card table byte_map: [0x000001b76d630000,0x000001b76e620000] _byte_map_base: 0x000001b76a614000

Marking Bits (Prev, Next): (CMBitMap*) 0x000001b761d4efa0, (CMBitMap*) 0x000001b761d4ef60
 Prev Bits: [0x000001b777530000, 0x000001b77f450000)
 Next Bits: [0x000001b76f610000, 0x000001b777530000)

Polling page: 0x000001b761460000

Metaspace:

Usage:
  Non-class:     76.48 MB used.
      Class:     12.90 MB used.
       Both:     89.38 MB used.

Virtual space:
  Non-class space:      128.00 MB reserved,      76.81 MB ( 60%) committed,  2 nodes.
      Class space:        1.00 GB reserved,      13.25 MB (  1%) committed,  1 nodes.
             Both:        1.12 GB reserved,      90.06 MB (  8%) committed. 

Chunk freelists:
   Non-Class:  2.56 MB
       Class:  2.77 MB
        Both:  5.33 MB

MaxMetaspaceSize: unlimited
CompressedClassSpaceSize: 1.00 GB
Initial GC threshold: 21.00 MB
Current GC threshold: 131.25 MB
CDS: on
MetaspaceReclaimPolicy: balanced
 - commit_granule_bytes: 65536.
 - commit_granule_words: 8192.
 - virtual_space_node_default_size: 8388608.
 - enlarge_chunks_in_place: 1.
 - new_chunks_are_fully_committed: 0.
 - uncommit_free_chunks: 1.
 - use_allocation_guard: 0.
 - handle_deallocations: 1.


Internal statistics:

num_allocs_failed_limit: 15.
num_arena_births: 1000.
num_arena_deaths: 0.
num_vsnodes_births: 3.
num_vsnodes_deaths: 0.
num_space_committed: 1441.
num_space_uncommitted: 0.
num_chunks_returned_to_freelist: 15.
num_chunks_taken_from_freelist: 4413.
num_chunk_merges: 15.
num_chunk_splits: 3198.
num_chunks_enlarged: 2477.
num_purges: 0.
num_inconsistent_stats: 0.

CodeCache: size=49152Kb used=16191Kb max_used=16191Kb free=32960Kb
 bounds [0x000001b769530000, 0x000001b76a500000, 0x000001b76c530000]
 total_blobs=9091 nmethods=8302 adapters=712
 compilation: enabled
              stopped_count=0, restarted_count=0
 full_count=0

Compilation events (20 events):
Event: 11.721 Thread 0x000001b77f69e480 8293       1       org.aspectj.weaver.TypeVariableReferenceType::equals (29 bytes)
Event: 11.721 Thread 0x000001b77f69e480 nmethod 8293 0x000001b76a4fac10 code [0x000001b76a4fada0, 0x000001b76a4faf58]
Event: 11.722 Thread 0x000001b77f69e480 8294       1       sun.reflect.generics.parser.SignatureParser::parseFormalTypeParameter (16 bytes)
Event: 11.722 Thread 0x000001b743accb90 8295       1       sun.reflect.generics.parser.SignatureParser::parseBounds (112 bytes)
Event: 11.723 Thread 0x000001b7431f6620 8296       1       sun.reflect.generics.tree.FormalTypeParameter::make (10 bytes)
Event: 11.723 Thread 0x000001b748f5b4f0 8297       1       sun.reflect.generics.tree.FormalTypeParameter::<init> (15 bytes)
Event: 11.723 Thread 0x000001b748f5b4f0 nmethod 8297 0x000001b76a4fb010 code [0x000001b76a4fb1a0, 0x000001b76a4fb318]
Event: 11.723 Thread 0x000001b7431f6620 nmethod 8296 0x000001b76a4fb390 code [0x000001b76a4fb520, 0x000001b76a4fb6d8]
Event: 11.723 Thread 0x000001b748f5b4f0 8298       1       sun.reflect.generics.reflectiveObjects.TypeVariableImpl::make (66 bytes)
Event: 11.723 Thread 0x000001b7431f6620 8299       1       sun.reflect.generics.reflectiveObjects.TypeVariableImpl::<init> (22 bytes)
Event: 11.723 Thread 0x000001b77f69e480 nmethod 8294 0x000001b76a4fb790 code [0x000001b76a4fb940, 0x000001b76a4fbba8]
Event: 11.723 Thread 0x000001b7431f6620 nmethod 8299 0x000001b76a4fbd10 code [0x000001b76a4fbea0, 0x000001b76a4fc0f8]
Event: 11.723 Thread 0x000001b743accb90 nmethod 8295 0x000001b76a4fc190 code [0x000001b76a4fc3e0, 0x000001b76a4fca98]
Event: 11.723 Thread 0x000001b748f5b4f0 nmethod 8298 0x000001b76a4fce90 code [0x000001b76a4fd0a0, 0x000001b76a4fd768]
Event: 11.725 Thread 0x000001b743accb90 8300   !   1       org.aspectj.weaver.ReferenceType::findDerivativeType (132 bytes)
Event: 11.725 Thread 0x000001b748f5b4f0 8301       1       org.aspectj.weaver.TypeFactory::createParameterizedType (139 bytes)
Event: 11.725 Thread 0x000001b7431f6620 8302       1       org.aspectj.weaver.World::resolve (40 bytes)
Event: 11.725 Thread 0x000001b7431f6620 nmethod 8302 0x000001b76a4fd990 code [0x000001b76a4fdb40, 0x000001b76a4fde88]
Event: 11.726 Thread 0x000001b743accb90 nmethod 8300 0x000001b76a4fe010 code [0x000001b76a4fe240, 0x000001b76a4fe908]
Event: 11.726 Thread 0x000001b748f5b4f0 nmethod 8301 0x000001b76a4fee10 code [0x000001b76a4ff0a0, 0x000001b76a4ff8a8]

GC Heap History (20 events):
Event: 8.018 GC heap after
{Heap after GC invocations=16 (full 0):
 garbage-first heap   total 122880K, used 45309K [0x0000000603800000, 0x0000000800000000)
  region size 4096K, 2 young (8192K), 2 survivors (8192K)
 Metaspace       used 63554K, committed 64128K, reserved 1114112K
  class space    used 9028K, committed 9280K, reserved 1048576K
}
Event: 8.882 GC heap before
{Heap before GC invocations=16 (full 0):
 garbage-first heap   total 122880K, used 90365K [0x0000000603800000, 0x0000000800000000)
  region size 4096K, 13 young (53248K), 2 survivors (8192K)
 Metaspace       used 71652K, committed 72256K, reserved 1114112K
  class space    used 10331K, committed 10624K, reserved 1048576K
}
Event: 8.887 GC heap after
{Heap after GC invocations=17 (full 0):
 garbage-first heap   total 122880K, used 46956K [0x0000000603800000, 0x0000000800000000)
  region size 4096K, 2 young (8192K), 2 survivors (8192K)
 Metaspace       used 71652K, committed 72256K, reserved 1114112K
  class space    used 10331K, committed 10624K, reserved 1048576K
}
Event: 8.970 GC heap before
{Heap before GC invocations=17 (full 0):
 garbage-first heap   total 122880K, used 51052K [0x0000000603800000, 0x0000000800000000)
  region size 4096K, 4 young (16384K), 2 survivors (8192K)
 Metaspace       used 72355K, committed 72960K, reserved 1114112K
  class space    used 10431K, committed 10752K, reserved 1048576K
}
Event: 8.974 GC heap after
{Heap after GC invocations=18 (full 0):
 garbage-first heap   total 122880K, used 47140K [0x0000000603800000, 0x0000000800000000)
  region size 4096K, 1 young (4096K), 1 survivors (4096K)
 Metaspace       used 72355K, committed 72960K, reserved 1114112K
  class space    used 10431K, committed 10752K, reserved 1048576K
}
Event: 9.685 GC heap before
{Heap before GC invocations=19 (full 0):
 garbage-first heap   total 122880K, used 92196K [0x0000000603800000, 0x0000000800000000)
  region size 4096K, 12 young (49152K), 1 survivors (4096K)
 Metaspace       used 79039K, committed 79680K, reserved 1179648K
  class space    used 11514K, committed 11840K, reserved 1048576K
}
Event: 9.690 GC heap after
{Heap after GC invocations=20 (full 0):
 garbage-first heap   total 122880K, used 50365K [0x0000000603800000, 0x0000000800000000)
  region size 4096K, 2 young (8192K), 2 survivors (8192K)
 Metaspace       used 79039K, committed 79680K, reserved 1179648K
  class space    used 11514K, committed 11840K, reserved 1048576K
}
Event: 9.749 GC heap before
{Heap before GC invocations=20 (full 0):
 garbage-first heap   total 122880K, used 50365K [0x0000000603800000, 0x0000000800000000)
  region size 4096K, 3 young (12288K), 2 survivors (8192K)
 Metaspace       used 79862K, committed 80512K, reserved 1179648K
  class space    used 11703K, committed 12032K, reserved 1048576K
}
Event: 9.754 GC heap after
{Heap after GC invocations=21 (full 0):
 garbage-first heap   total 122880K, used 50134K [0x0000000603800000, 0x0000000800000000)
  region size 4096K, 1 young (4096K), 1 survivors (4096K)
 Metaspace       used 79862K, committed 80512K, reserved 1179648K
  class space    used 11703K, committed 12032K, reserved 1048576K
}
Event: 9.864 GC heap before
{Heap before GC invocations=21 (full 0):
 garbage-first heap   total 122880K, used 95190K [0x0000000603800000, 0x0000000800000000)
  region size 4096K, 12 young (49152K), 1 survivors (4096K)
 Metaspace       used 80024K, committed 80640K, reserved 1179648K
  class space    used 11724K, committed 12032K, reserved 1048576K
}
Event: 9.870 GC heap after
{Heap after GC invocations=22 (full 0):
 garbage-first heap   total 323584K, used 60598K [0x0000000603800000, 0x0000000800000000)
  region size 4096K, 2 young (8192K), 2 survivors (8192K)
 Metaspace       used 80024K, committed 80640K, reserved 1179648K
  class space    used 11724K, committed 12032K, reserved 1048576K
}
Event: 10.382 GC heap before
{Heap before GC invocations=23 (full 0):
 garbage-first heap   total 262144K, used 208054K [0x0000000603800000, 0x0000000800000000)
  region size 4096K, 38 young (155648K), 2 survivors (8192K)
 Metaspace       used 81611K, committed 82240K, reserved 1179648K
  class space    used 12098K, committed 12416K, reserved 1048576K
}
Event: 10.394 GC heap after
{Heap after GC invocations=24 (full 0):
 garbage-first heap   total 262144K, used 77261K [0x0000000603800000, 0x0000000800000000)
  region size 4096K, 5 young (20480K), 5 survivors (20480K)
 Metaspace       used 81611K, committed 82240K, reserved 1179648K
  class space    used 12098K, committed 12416K, reserved 1048576K
}
Event: 10.403 GC heap before
{Heap before GC invocations=24 (full 0):
 garbage-first heap   total 262144K, used 81357K [0x0000000603800000, 0x0000000800000000)
  region size 4096K, 6 young (24576K), 5 survivors (20480K)
 Metaspace       used 81611K, committed 82240K, reserved 1179648K
  class space    used 12098K, committed 12416K, reserved 1048576K
}
Event: 10.417 GC heap after
{Heap after GC invocations=25 (full 0):
 garbage-first heap   total 262144K, used 80129K [0x0000000603800000, 0x0000000800000000)
  region size 4096K, 1 young (4096K), 1 survivors (4096K)
 Metaspace       used 81611K, committed 82240K, reserved 1179648K
  class space    used 12098K, committed 12416K, reserved 1048576K
}
Event: 10.693 GC heap before
{Heap before GC invocations=25 (full 0):
 garbage-first heap   total 262144K, used 198913K [0x0000000603800000, 0x0000000800000000)
  region size 4096K, 30 young (122880K), 1 survivors (4096K)
 Metaspace       used 81613K, committed 82240K, reserved 1179648K
  class space    used 12098K, committed 12416K, reserved 1048576K
}
Event: 10.714 GC heap after
{Heap after GC invocations=26 (full 0):
 garbage-first heap   total 262144K, used 122445K [0x0000000603800000, 0x0000000800000000)
  region size 4096K, 4 young (16384K), 4 survivors (16384K)
 Metaspace       used 81613K, committed 82240K, reserved 1179648K
  class space    used 12098K, committed 12416K, reserved 1048576K
}
Event: 11.041 GC heap before
{Heap before GC invocations=26 (full 0):
 garbage-first heap   total 262144K, used 192077K [0x0000000603800000, 0x0000000800000000)
  region size 4096K, 21 young (86016K), 4 survivors (16384K)
 Metaspace       used 84016K, committed 84672K, reserved 1179648K
  class space    used 12395K, committed 12736K, reserved 1048576K
}
Event: 11.052 GC heap after
{Heap after GC invocations=27 (full 0):
 garbage-first heap   total 262144K, used 128232K [0x0000000603800000, 0x0000000800000000)
  region size 4096K, 1 young (4096K), 1 survivors (4096K)
 Metaspace       used 84016K, committed 84672K, reserved 1179648K
  class space    used 12395K, committed 12736K, reserved 1048576K
}
Event: 11.739 GC heap before
{Heap before GC invocations=27 (full 0):
 garbage-first heap   total 262144K, used 193768K [0x0000000603800000, 0x0000000800000000)
  region size 4096K, 17 young (69632K), 1 survivors (4096K)
 Metaspace       used 91521K, committed 92224K, reserved 1179648K
  class space    used 13209K, committed 13568K, reserved 1048576K
}

Deoptimization events (12 events):
Event: 2.192 Thread 0x000001b7484e7650 DEOPT PACKING pc=0x000001b769af8f79 sp=0x0000009d723fc620
Event: 2.192 Thread 0x000001b7484e7650 DEOPT UNPACKING pc=0x000001b7695866e3 sp=0x0000009d723fbb00 mode 3
Event: 2.336 Thread 0x000001b7484e7650 DEOPT PACKING pc=0x000001b769b463d5 sp=0x0000009d723fcf00
Event: 2.336 Thread 0x000001b7484e7650 DEOPT UNPACKING pc=0x000001b7695866e3 sp=0x0000009d723fc3a8 mode 3
Event: 4.577 Thread 0x000001b7484e7650 DEOPT PACKING pc=0x000001b769ee5579 sp=0x0000009d723fd1c0
Event: 4.577 Thread 0x000001b7484e7650 DEOPT UNPACKING pc=0x000001b7695866e3 sp=0x0000009d723fc6a0 mode 3
Event: 4.921 Thread 0x000001b7484e7650 DEOPT PACKING pc=0x000001b769f43b95 sp=0x0000009d723fd0d0
Event: 4.921 Thread 0x000001b7484e7650 DEOPT UNPACKING pc=0x000001b7695866e3 sp=0x0000009d723fc678 mode 0
Event: 5.255 Thread 0x000001b7484e7650 DEOPT PACKING pc=0x000001b769fee925 sp=0x0000009d723fde40
Event: 5.255 Thread 0x000001b7484e7650 DEOPT UNPACKING pc=0x000001b7695866e3 sp=0x0000009d723fd3a8 mode 3
Event: 11.402 Thread 0x000001b7484e7650 DEOPT PACKING pc=0x000001b76a434fe4 sp=0x0000009d723fb810
Event: 11.402 Thread 0x000001b7484e7650 DEOPT UNPACKING pc=0x000001b7695866e3 sp=0x0000009d723faca8 mode 3

Classes unloaded (0 events):
No events

Classes redefined (0 events):
No events

Internal exceptions (20 events):
Event: 9.621 Thread 0x000001b7484e7650 Exception <a 'java/lang/NoSuchMethodError'{0x000000060876b000}: 'java.lang.Object java.lang.invoke.DirectMethodHandle$Holder.invokeStatic(java.lang.Object, int, java.lang.Object)'> (0x000000060876b000) 
thrown [s\open\src\hotspot\share\interpreter\linkResolver.cpp, line 759]
Event: 9.627 Thread 0x000001b7484e7650 Exception <a 'java/lang/reflect/InvocationTargetException'{0x00000006087be5f8}> (0x00000006087be5f8) 
thrown [s\open\src\hotspot\share\runtime\reflection.cpp, line 1121]
Event: 9.631 Thread 0x000001b7484e7650 Exception <a 'java/lang/reflect/InvocationTargetException'{0x00000006087f7830}> (0x00000006087f7830) 
thrown [s\open\src\hotspot\share\runtime\reflection.cpp, line 1121]
Event: 10.888 Thread 0x000001b7484e7650 Exception <a 'java/lang/reflect/InvocationTargetException'{0x000000061062c1d0}> (0x000000061062c1d0) 
thrown [s\open\src\hotspot\share\runtime\reflection.cpp, line 1121]
Event: 10.889 Thread 0x000001b7484e7650 Exception <a 'java/lang/reflect/InvocationTargetException'{0x0000000610639788}> (0x0000000610639788) 
thrown [s\open\src\hotspot\share\runtime\reflection.cpp, line 1121]
Event: 10.890 Thread 0x000001b7484e7650 Exception <a 'java/lang/reflect/InvocationTargetException'{0x000000061064d310}> (0x000000061064d310) 
thrown [s\open\src\hotspot\share\runtime\reflection.cpp, line 1121]
Event: 10.891 Thread 0x000001b7484e7650 Exception <a 'java/lang/reflect/InvocationTargetException'{0x000000061065aa88}> (0x000000061065aa88) 
thrown [s\open\src\hotspot\share\runtime\reflection.cpp, line 1121]
Event: 10.925 Thread 0x000001b7484e7650 Exception <a 'java/lang/reflect/InvocationTargetException'{0x00000006102dfd38}> (0x00000006102dfd38) 
thrown [s\open\src\hotspot\share\runtime\reflection.cpp, line 1121]
Event: 10.926 Thread 0x000001b7484e7650 Exception <a 'java/lang/reflect/InvocationTargetException'{0x00000006102eb6e8}> (0x00000006102eb6e8) 
thrown [s\open\src\hotspot\share\runtime\reflection.cpp, line 1121]
Event: 10.927 Thread 0x000001b7484e7650 Exception <a 'java/lang/reflect/InvocationTargetException'{0x00000006102fac90}> (0x00000006102fac90) 
thrown [s\open\src\hotspot\share\runtime\reflection.cpp, line 1121]
Event: 10.928 Thread 0x000001b7484e7650 Exception <a 'java/lang/reflect/InvocationTargetException'{0x0000000610305230}> (0x0000000610305230) 
thrown [s\open\src\hotspot\share\runtime\reflection.cpp, line 1121]
Event: 10.929 Thread 0x000001b7484e7650 Exception <a 'java/lang/reflect/InvocationTargetException'{0x0000000610311f50}> (0x0000000610311f50) 
thrown [s\open\src\hotspot\share\runtime\reflection.cpp, line 1121]
Event: 10.955 Thread 0x000001b7484e7650 Exception <a 'java/lang/reflect/InvocationTargetException'{0x000000060ff020f8}> (0x000000060ff020f8) 
thrown [s\open\src\hotspot\share\runtime\reflection.cpp, line 1121]
Event: 10.955 Thread 0x000001b7484e7650 Exception <a 'java/lang/reflect/InvocationTargetException'{0x000000060ff0c870}> (0x000000060ff0c870) 
thrown [s\open\src\hotspot\share\runtime\reflection.cpp, line 1121]
Event: 10.960 Thread 0x000001b7484e7650 Exception <a 'java/lang/NoSuchMethodError'{0x000000060ff4a338}: 'java.lang.Object java.lang.invoke.DirectMethodHandle$Holder.invokeInterface(java.lang.Object, java.lang.Object, int)'> (0x000000060ff4a338) 
thrown [s\open\src\hotspot\share\interpreter\linkResolver.cpp, line 759]
Event: 10.962 Thread 0x000001b7484e7650 Exception <a 'java/lang/reflect/InvocationTargetException'{0x000000060ff73080}> (0x000000060ff73080) 
thrown [s\open\src\hotspot\share\runtime\reflection.cpp, line 1121]
Event: 10.965 Thread 0x000001b7484e7650 Exception <a 'java/lang/reflect/InvocationTargetException'{0x000000060ff87f78}> (0x000000060ff87f78) 
thrown [s\open\src\hotspot\share\runtime\reflection.cpp, line 1121]
Event: 11.163 Thread 0x000001b7484e7650 Exception <a 'java/lang/NoSuchMethodError'{0x00000006168d7610}: 'int java.lang.invoke.DirectMethodHandle$Holder.invokeStaticInit(java.lang.Object, java.lang.Object, java.lang.Object, java.lang.Object)'> (0x00000006168d7610) 
thrown [s\open\src\hotspot\share\interpreter\linkResolver.cpp, line 759]
Event: 11.241 Thread 0x000001b7484e7650 Exception <a 'java/lang/NoSuchMethodError'{0x00000006167c4ab8}: 'java.lang.Object java.lang.invoke.DirectMethodHandle$Holder.newInvokeSpecial(java.lang.Object, java.lang.Object, java.lang.Object, java.lang.Object, java.lang.Object, java.lang.Object, java.lang.Object, java.lang.Object, java.lang.Object, int)'> (0x00000006167c4ab8) 
thrown [s\open\src\hotspot\share\interpreter\linkResolver.cpp, line 759]
Event: 11.241 Thread 0x000001b7484e7650 Exception <a 'java/lang/NoSuchMethodError'{0x0000000612401c58}: 'java.lang.Object java.lang.invoke.DirectMethodHandle$Holder.invokeSpecial(java.lang.Object, java.lang.Object, java.lang.Object, java.lang.Object, java.lang.Object, java.lang.Object, java.lang.Object, java.lang.Object, java.lang.Object, java.lang.Object, int)'> (0x0000000612401c58) 
thrown [s\open\src\hotspot\share\interpreter\linkResolver.cpp, line 759]

VM Operations (20 events):
Event: 9.802 Executing VM operation: HandshakeAllThreads done
Event: 9.864 Executing VM operation: G1CollectForAllocation
Event: 9.870 Executing VM operation: G1CollectForAllocation done
Event: 9.907 Executing VM operation: G1Concurrent
Event: 9.912 Executing VM operation: G1Concurrent done
Event: 9.937 Executing VM operation: G1Concurrent
Event: 9.937 Executing VM operation: G1Concurrent done
Event: 10.382 Executing VM operation: G1CollectForAllocation
Event: 10.394 Executing VM operation: G1CollectForAllocation done
Event: 10.403 Executing VM operation: G1CollectForAllocation
Event: 10.417 Executing VM operation: G1CollectForAllocation done
Event: 10.693 Executing VM operation: G1CollectForAllocation
Event: 10.714 Executing VM operation: G1CollectForAllocation done
Event: 11.041 Executing VM operation: G1CollectForAllocation
Event: 11.052 Executing VM operation: G1CollectForAllocation done
Event: 11.276 Executing VM operation: HandshakeAllThreads
Event: 11.276 Executing VM operation: HandshakeAllThreads done
Event: 11.316 Executing VM operation: HandshakeAllThreads
Event: 11.316 Executing VM operation: HandshakeAllThreads done
Event: 11.739 Executing VM operation: G1CollectForAllocation

Events (20 events):
Event: 11.300 loading class com/sun/org/apache/xerces/internal/util/NamespaceSupport$Prefixes done
Event: 11.301 loading class com/sun/xml/internal/stream/util/ReadOnlyIterator
Event: 11.301 loading class com/sun/xml/internal/stream/util/ReadOnlyIterator done
Event: 11.330 loading class com/sun/xml/internal/stream/events/EndElementEvent
Event: 11.330 loading class javax/xml/stream/events/EndElement
Event: 11.330 loading class javax/xml/stream/events/EndElement done
Event: 11.330 loading class com/sun/xml/internal/stream/events/EndElementEvent done
Event: 11.332 Thread 0x000001b74a5fdbb0 Thread added: 0x000001b74a5fdbb0
Event: 11.332 loading class java/util/concurrent/CompletableFuture$UniRelay
Event: 11.332 loading class java/util/concurrent/CompletableFuture$UniRelay done
Event: 11.338 loading class java/security/KeyManagementException
Event: 11.338 loading class java/security/KeyManagementException done
Event: 11.434 Thread 0x000001b74a5fd210 Thread added: 0x000001b74a5fd210
Event: 11.438 Thread 0x000001b74a5fd210 Thread exited: 0x000001b74a5fd210
Event: 11.481 loading class java/time/DurationEditor
Event: 11.481 loading class java/time/DurationEditor done
Event: 11.541 loading class java/util/Collections$SynchronizedRandomAccessList
Event: 11.541 loading class java/util/Collections$SynchronizedList
Event: 11.541 loading class java/util/Collections$SynchronizedList done
Event: 11.541 loading class java/util/Collections$SynchronizedRandomAccessList done


Dynamic libraries:
0x00007ff653390000 - 0x00007ff6533a0000 	C:\Program Files\Java\jdk-17\bin\java.exe
0x00007ffb62e10000 - 0x00007ffb63008000 	C:\Windows\SYSTEM32\ntdll.dll
0x00007ffb61860000 - 0x00007ffb61922000 	C:\Windows\System32\KERNEL32.DLL
0x00007ffb60570000 - 0x00007ffb6086f000 	C:\Windows\System32\KERNELBASE.dll
0x00007ffb609d0000 - 0x00007ffb60ad0000 	C:\Windows\System32\ucrtbase.dll
0x00007ffb456d0000 - 0x00007ffb456eb000 	C:\Program Files\Java\jdk-17\bin\VCRUNTIME140.dll
0x00007ffb456f0000 - 0x00007ffb45709000 	C:\Program Files\Java\jdk-17\bin\jli.dll
0x00007ffb62170000 - 0x00007ffb62221000 	C:\Windows\System32\ADVAPI32.dll
0x00007ffb620c0000 - 0x00007ffb6215e000 	C:\Windows\System32\msvcrt.dll
0x00007ffb61930000 - 0x00007ffb619cf000 	C:\Windows\System32\sechost.dll
0x00007ffb61590000 - 0x00007ffb616b3000 	C:\Windows\System32\RPCRT4.dll
0x00007ffb604a0000 - 0x00007ffb604c7000 	C:\Windows\System32\bcrypt.dll
0x00007ffb616c0000 - 0x00007ffb6185d000 	C:\Windows\System32\USER32.dll
0x00007ffb60c20000 - 0x00007ffb60c42000 	C:\Windows\System32\win32u.dll
0x00007ffb42ea0000 - 0x00007ffb4313a000 	C:\Windows\WinSxS\amd64_microsoft.windows.common-controls_6595b64144ccf1df_6.0.19041.4355_none_60b8b9eb71f62e16\COMCTL32.dll
0x00007ffb613d0000 - 0x00007ffb613fb000 	C:\Windows\System32\GDI32.dll
0x00007ffb60d00000 - 0x00007ffb60e17000 	C:\Windows\System32\gdi32full.dll
0x00007ffb604d0000 - 0x00007ffb6056d000 	C:\Windows\System32\msvcp_win.dll
0x00007ffb58130000 - 0x00007ffb5813a000 	C:\Windows\SYSTEM32\VERSION.dll
0x00007ffb62da0000 - 0x00007ffb62dcf000 	C:\Windows\System32\IMM32.DLL
0x00007ffb456c0000 - 0x00007ffb456cc000 	C:\Program Files\Java\jdk-17\bin\vcruntime140_1.dll
0x00007ffb449a0000 - 0x00007ffb44a2e000 	C:\Program Files\Java\jdk-17\bin\msvcp140.dll
0x00007ffad4b40000 - 0x00007ffad571e000 	C:\Program Files\Java\jdk-17\bin\server\jvm.dll
0x00007ffb61f30000 - 0x00007ffb61f38000 	C:\Windows\System32\PSAPI.DLL
0x00007ffb3d390000 - 0x00007ffb3d3b7000 	C:\Windows\SYSTEM32\WINMM.dll
0x00007ffb49c40000 - 0x00007ffb49c49000 	C:\Windows\SYSTEM32\WSOCK32.dll
0x00007ffb61d10000 - 0x00007ffb61d7b000 	C:\Windows\System32\WS2_32.dll
0x00007ffb5ee30000 - 0x00007ffb5ee42000 	C:\Windows\SYSTEM32\kernel.appcore.dll
0x00007ffb45670000 - 0x00007ffb4567a000 	C:\Program Files\Java\jdk-17\bin\jimage.dll
0x00007ffb5e5b0000 - 0x00007ffb5e794000 	C:\Windows\SYSTEM32\DBGHELP.DLL
0x00007ffb3f0d0000 - 0x00007ffb3f104000 	C:\Windows\SYSTEM32\dbgcore.DLL
0x00007ffb60b40000 - 0x00007ffb60bc2000 	C:\Windows\System32\bcryptPrimitives.dll
0x00007ffb44900000 - 0x00007ffb4490e000 	C:\Program Files\Java\jdk-17\bin\instrument.dll
0x00007ffb44970000 - 0x00007ffb44995000 	C:\Program Files\Java\jdk-17\bin\java.dll
0x00007ffb37aa0000 - 0x00007ffb37b77000 	C:\Program Files\Java\jdk-17\bin\jsvml.dll
0x00007ffb62230000 - 0x00007ffb6299e000 	C:\Windows\System32\SHELL32.dll
0x00007ffb5c3b0000 - 0x00007ffb5cb54000 	C:\Windows\SYSTEM32\windows.storage.dll
0x00007ffb629a0000 - 0x00007ffb62cf5000 	C:\Windows\System32\combase.dll
0x00007ffb5fd20000 - 0x00007ffb5fd4f000 	C:\Windows\SYSTEM32\Wldp.dll
0x00007ffb61c40000 - 0x00007ffb61d0d000 	C:\Windows\System32\OLEAUT32.dll
0x00007ffb61400000 - 0x00007ffb614ad000 	C:\Windows\System32\SHCORE.dll
0x00007ffb61b50000 - 0x00007ffb61ba5000 	C:\Windows\System32\shlwapi.dll
0x00007ffb603d0000 - 0x00007ffb603f4000 	C:\Windows\SYSTEM32\profapi.dll
0x00007ffb44910000 - 0x00007ffb44928000 	C:\Program Files\Java\jdk-17\bin\zip.dll
0x00007ffb44950000 - 0x00007ffb44969000 	C:\Program Files\Java\jdk-17\bin\net.dll
0x00007ffb5cd80000 - 0x00007ffb5ce8d000 	C:\Windows\SYSTEM32\WINHTTP.dll
0x00007ffb5fb00000 - 0x00007ffb5fb6a000 	C:\Windows\system32\mswsock.dll
0x00007ffb44930000 - 0x00007ffb44946000 	C:\Program Files\Java\jdk-17\bin\nio.dll
0x00007ffb5f840000 - 0x00007ffb5f90a000 	C:\Windows\SYSTEM32\DNSAPI.dll
0x00007ffb5f800000 - 0x00007ffb5f83b000 	C:\Windows\SYSTEM32\IPHLPAPI.DLL
0x00007ffb62160000 - 0x00007ffb62168000 	C:\Windows\System32\NSI.dll
0x00007ffb589f0000 - 0x00007ffb589fa000 	C:\Windows\System32\rasadhlp.dll
0x00007ffb56b80000 - 0x00007ffb56c00000 	C:\Windows\System32\fwpuclnt.dll
0x00007ffb448d0000 - 0x00007ffb448da000 	C:\Program Files\Java\jdk-17\bin\management.dll
0x00007ffb448c0000 - 0x00007ffb448cb000 	C:\Program Files\Java\jdk-17\bin\management_ext.dll
0x00007ffb5fd60000 - 0x00007ffb5fd78000 	C:\Windows\SYSTEM32\CRYPTSP.dll
0x00007ffb5f440000 - 0x00007ffb5f474000 	C:\Windows\system32\rsaenh.dll
0x00007ffb60350000 - 0x00007ffb6037e000 	C:\Windows\SYSTEM32\USERENV.dll
0x00007ffb5fc90000 - 0x00007ffb5fc9c000 	C:\Windows\SYSTEM32\CRYPTBASE.dll
0x00007ffb57ef0000 - 0x00007ffb57f07000 	C:\Windows\SYSTEM32\dhcpcsvc6.DLL
0x00007ffb58930000 - 0x00007ffb5894d000 	C:\Windows\SYSTEM32\dhcpcsvc.DLL
0x00007ffb3a040000 - 0x00007ffb3a057000 	C:\Windows\system32\napinsp.dll
0x00007ffb3a020000 - 0x00007ffb3a03b000 	C:\Windows\system32\pnrpnsp.dll
0x00007ffb5d700000 - 0x00007ffb5d715000 	C:\Windows\system32\wshbth.dll
0x00007ffb5cd50000 - 0x00007ffb5cd6d000 	C:\Windows\system32\NLAapi.dll
0x00007ffb39d00000 - 0x00007ffb39d12000 	C:\Windows\System32\winrnr.dll
0x00007ffb45cb0000 - 0x00007ffb45d01000 	C:\Windows\SYSTEM32\pdh.dll
0x00007ffb41580000 - 0x00007ffb4158f000 	C:\Windows\System32\perfproc.dll
0x00007ffb41570000 - 0x00007ffb4157f000 	C:\Windows\System32\perfos.dll
0x00007ffb448e0000 - 0x00007ffb448ee000 	C:\Program Files\Java\jdk-17\bin\sunmscapi.dll
0x00007ffb60870000 - 0x00007ffb609cc000 	C:\Windows\System32\CRYPT32.dll
0x00007ffb5fed0000 - 0x00007ffb5fef7000 	C:\Windows\SYSTEM32\ncrypt.dll
0x00007ffb5fe90000 - 0x00007ffb5fecb000 	C:\Windows\SYSTEM32\NTASN1.dll
0x00007ffb39e20000 - 0x00007ffb39e30000 	C:\Program Files\Java\jdk-17\bin\verify.dll

dbghelp: loaded successfully - version: 4.0.5 - missing functions: none
symbol engine: initialized successfully - sym options: 0x614 - pdb path: .;C:\Program Files\Java\jdk-17\bin;C:\Windows\SYSTEM32;C:\Windows\WinSxS\amd64_microsoft.windows.common-controls_6595b64144ccf1df_6.0.19041.4355_none_60b8b9eb71f62e16;C:\Program Files\Java\jdk-17\bin\server

VM Arguments:
jvm_args: -XX:TieredStopAtLevel=1 -Dspring.output.ansi.enabled=always -Dcom.sun.management.jmxremote -Dspring.jmx.enabled=true -Dspring.liveBeansView.mbeanDomain -Dspring.application.admin.enabled=true -Dmanagement.endpoints.jmx.exposure.include=* -javaagent:D:\Program Files\IntelliJ\IntelliJ IDEA 2024.3\lib\idea_rt.jar=32321:D:\Program Files\IntelliJ\IntelliJ IDEA 2024.3/bin -Dfile.encoding=UTF-8 
java_command: com.duongw.commonservice.CommonServiceApplication
java_class_path (initial): D:\micorservice\microservice-mj\common-service\target\classes;C:\Users\Duongw\.m2\repository\org\springframework\boot\spring-boot-starter-actuator\3.4.1\spring-boot-starter-actuator-3.4.1.jar;C:\Users\Duongw\.m2\repository\org\springframework\boot\spring-boot-starter\3.4.1\spring-boot-starter-3.4.1.jar;C:\Users\Duongw\.m2\repository\org\springframework\boot\spring-boot-starter-logging\3.4.1\spring-boot-starter-logging-3.4.1.jar;C:\Users\Duongw\.m2\repository\ch\qos\logback\logback-classic\1.5.12\logback-classic-1.5.12.jar;C:\Users\Duongw\.m2\repository\ch\qos\logback\logback-core\1.5.12\logback-core-1.5.12.jar;C:\Users\Duongw\.m2\repository\org\apache\logging\log4j\log4j-to-slf4j\2.24.3\log4j-to-slf4j-2.24.3.jar;C:\Users\Duongw\.m2\repository\org\apache\logging\log4j\log4j-api\2.24.3\log4j-api-2.24.3.jar;C:\Users\Duongw\.m2\repository\org\slf4j\jul-to-slf4j\2.0.16\jul-to-slf4j-2.0.16.jar;C:\Users\Duongw\.m2\repository\jakarta\annotation\jakarta.annotation-api\2.1.1\jakarta.annotation-api-2.1.1.jar;C:\Users\Duongw\.m2\repository\org\yaml\snakeyaml\2.3\snakeyaml-2.3.jar;C:\Users\Duongw\.m2\repository\org\springframework\boot\spring-boot-actuator-autoconfigure\3.4.1\spring-boot-actuator-autoconfigure-3.4.1.jar;C:\Users\Duongw\.m2\repository\org\springframework\boot\spring-boot-actuator\3.4.1\spring-boot-actuator-3.4.1.jar;C:\Users\Duongw\.m2\repository\com\fasterxml\jackson\datatype\jackson-datatype-jsr310\2.18.2\jackson-datatype-jsr310-2.18.2.jar;C:\Users\Duongw\.m2\repository\io\micrometer\micrometer-observation\1.14.2\micrometer-observation-1.14.2.jar;C:\Users\Duongw\.m2\repository\io\micrometer\micrometer-commons\1.14.2\micrometer-commons-1.14.2.jar;C:\Users\Duongw\.m2\repository\io\micrometer\micrometer-jakarta9\1.14.2\micrometer-jakarta9-1.14.2.jar;C:\Users\Duongw\.m2\repository\io\micrometer\micrometer-core\1.14.2\micrometer-core-1.14.2.jar;C:\Users\Duongw\.m2\repository\org\hdrhistogram\HdrHistogram\2.2.2\HdrHistogram-2.2.2.jar;C:\U
Launcher Type: SUN_STANDARD

[Global flags]
     intx CICompilerCount                          = 4                                         {product} {ergonomic}
     uint ConcGCThreads                            = 2                                         {product} {ergonomic}
     uint G1ConcRefinementThreads                  = 8                                         {product} {ergonomic}
   size_t G1HeapRegionSize                         = 4194304                                   {product} {ergonomic}
    uintx GCDrainStackTargetSize                   = 64                                        {product} {ergonomic}
   size_t InitialHeapSize                          = 536870912                                 {product} {ergonomic}
     bool ManagementServer                         = true                                      {product} {command line}
   size_t MarkStackSize                            = 4194304                                   {product} {ergonomic}
   size_t MaxHeapSize                              = 8531214336                                {product} {ergonomic}
   size_t MaxNewSize                               = 5117050880                                {product} {ergonomic}
   size_t MinHeapDeltaBytes                        = 4194304                                   {product} {ergonomic}
   size_t MinHeapSize                              = 8388608                                   {product} {ergonomic}
    uintx NonProfiledCodeHeapSize                  = 0                                      {pd product} {ergonomic}
     bool ProfileInterpreter                       = false                                  {pd product} {command line}
    uintx ProfiledCodeHeapSize                     = 0                                      {pd product} {ergonomic}
   size_t SoftMaxHeapSize                          = 8531214336                             {manageable} {ergonomic}
     intx TieredStopAtLevel                        = 1                                         {product} {command line}
     bool UseCompressedClassPointers               = true                           {product lp64_product} {ergonomic}
     bool UseCompressedOops                        = true                           {product lp64_product} {ergonomic}
     bool UseG1GC                                  = true                                      {product} {ergonomic}
     bool UseLargePagesIndividualAllocation        = false                                  {pd product} {ergonomic}

Logging:
Log output configuration:
 #0: stdout all=warning uptime,level,tags
 #1: stderr all=off uptime,level,tags

Environment Variables:
JAVA_HOME=C:\Program Files\Java\jdk-17
PATH=D:\oracle\product\19c\dbhome1\bin;C:\Program Files\Common Files\Oracle\Java\javapath;C:\Program Files (x86)\Common Files\Oracle\Java\java8path;C:\Program Files (x86)\Common Files\Oracle\Java\javapath;C:\Windows\system32;C:\Windows;C:\Windows\System32\Wbem;C:\Windows\System32\WindowsPowerShell\v1.0\;C:\Windows\System32\OpenSSH\;C:\Program Files\Java\jdk-17\bin;C:\Program Files\apache-maven-3.9.4\bin;D:\Program Files\python 3.11;%MYSQL_HOME%\bin;D:\Program Files\Graphviz\bin\bin;C:\ProgramData\chocolatey\bin;C:\Users\Duongw\AppData\Roaming\nvm;C:\Program Files\nodejs;C:\Program Files\nodejs\;C:\Program Files\Git\cmd;C:\Program Files\Docker\Docker\resources\bin;C:\Program Files\dotnet\;C:\Program Files\MySQL\MySQL Shell 8.0\bin\;D:\Program Files\python 3.11\Scripts\;D:\Program Files\python 3.11\;C:\Users\Duongw\AppData\Local\Microsoft\WindowsApps;D:\Program files\IntelliJ IDEA 2023.2.2\bin;D:\Program files\Pycharm\PyCharm Community Edition 2023.2.1\bin;C:\Users\Duongw\AppData\Local\Programs\oh-my-posh\bin;D:\Program Files\python 3.11;D:\Program Files\Microsoft VScode\Microsoft VS Code\bin;D:\Program Files\DataGrip 2023.2.2\bin;D:\Program Files\Graphviz\bin;C:\Users\Duongw\AppData\Local\JetBrains\Toolbox\scripts;C:\Users\Duongw\AppData\Roaming\nvm;C:\Program Files\nodejs;C:\Users\Duongw\AppData\Roaming\npm;D:\Program Files\PyCharm 2023.3.2\bin;;D:\Program Files\WebStorm 2024.3.1\bin;;D:\Program Files\IntelliJ\IntelliJ IDEA 2024.3\bin;;D:\Program Files\OpenSSL-Win64\bin;
USERNAME=Duongw
OS=Windows_NT
PROCESSOR_IDENTIFIER=Intel64 Family 6 Model 140 Stepping 1, GenuineIntel



---------------  S Y S T E M  ---------------

OS:
 Windows 10 , 64 bit Build 19041 (10.0.19041.5198)
OS uptime: 0 days 1:19 hours
Hyper-V role detected

CPU: total 8 (initial active 8) (4 cores per cpu, 2 threads per core) family 6 model 140 stepping 1 microcode 0x9a, cx8, cmov, fxsr, ht, mmx, 3dnowpref, sse, sse2, sse3, ssse3, sse4.1, sse4.2, popcnt, lzcnt, tsc, tscinvbit, avx, avx2, aes, erms, clmul, bmi1, bmi2, adx, avx512f, avx512dq, avx512cd, avx512bw, avx512vl, sha, fma, vzeroupper, avx512_vpopcntdq, avx512_vpclmulqdq, avx512_vaes, avx512_vnni, clflush, clflushopt, clwb, avx512_vbmi2, avx512_vbmi, hv

Memory: 4k page, system-wide physical 32533M (8547M free)
TotalPageFile size 33557M (AvailPageFile size 159M)
current process WorkingSet (physical memory assigned to process): 459M, peak: 459M
current process commit charge ("private bytes"): 567M, peak: 763M

vm_info: Java HotSpot(TM) 64-Bit Server VM (17.0.8+9-LTS-211) for windows-amd64 JRE (17.0.8+9-LTS-211), built on Jun 14 2023 10:34:31 by "mach5one" with MS VC++ 17.1 (VS2022)

END.
