#
# There is insufficient memory for the Java Runtime Environment to continue.
# Native memory allocation (mmap) failed to map 536870912 bytes for G1 virtual space
# Possible reasons:
#   The system is out of physical RAM or swap space
#   The process is running with CompressedOops enabled, and the Java Heap may be blocking the growth of the native heap
# Possible solutions:
#   Reduce memory load on the system
#   Increase physical memory or swap space
#   Check if swap backing store is full
#   Decrease Java heap size (-Xmx/-Xms)
#   Decrease number of Java threads
#   Decrease Java thread stack sizes (-Xss)
#   Set larger code cache with -XX:ReservedCodeCacheSize=
#   JVM is running with Zero Based Compressed Oops mode in which the Java heap is
#     placed in the first 32GB address space. The Java Heap base address is the
#     maximum limit for the native heap growth. Please use -XX:HeapBaseMinAddress
#     to set the Java Heap base and to place the Java Heap above 32GB virtual address.
# This output file may be truncated or incomplete.
#
#  Out of Memory Error (os_windows.cpp:3550), pid=5324, tid=12496
#
# JRE version:  (17.0.8+9) (build )
# Java VM: Java HotSpot(TM) 64-Bit Server VM (17.0.8+9-LTS-211, mixed mode, emulated-client, sharing, tiered, compressed oops, compressed class ptrs, g1 gc, windows-amd64)
# No core dump will be written. Minidumps are not enabled by default on client versions of Windows
#

---------------  S U M M A R Y ------------

Command Line: -XX:TieredStopAtLevel=1 -Dspring.output.ansi.enabled=always -Dcom.sun.management.jmxremote -Dspring.jmx.enabled=true -Dspring.liveBeansView.mbeanDomain -Dspring.application.admin.enabled=true -Dmanagement.endpoints.jmx.exposure.include=* -javaagent:D:\Program Files\IntelliJ\IntelliJ IDEA 2024.3\lib\idea_rt.jar=44697:D:\Program Files\IntelliJ\IntelliJ IDEA 2024.3/bin -Dfile.encoding=UTF-8 com.duongw.commonservice.CommonServiceApplication

Host: 11th Gen Intel(R) Core(TM) i5-1135G7 @ 2.40GHz, 8 cores, 31G,  Windows 10 , 64 bit Build 19041 (10.0.19041.5438)
Time: Thu Feb 27 13:47:17 2025 SE Asia Standard Time elapsed time: 0.008917 seconds (0d 0h 0m 0s)

---------------  T H R E A D  ---------------

Current thread (0x00000295fa4a77e0):  JavaThread "Unknown thread" [_thread_in_vm, id=12496, stack(0x000000f06c000000,0x000000f06c100000)]

Stack: [0x000000f06c000000,0x000000f06c100000]
Native frames: (J=compiled Java code, j=interpreted, Vv=VM code, C=native code)
V  [jvm.dll+0x677d0a]
V  [jvm.dll+0x7d8c54]
V  [jvm.dll+0x7da3fe]
V  [jvm.dll+0x7daa63]
V  [jvm.dll+0x245c5f]
V  [jvm.dll+0x674bb9]
V  [jvm.dll+0x6694f2]
V  [jvm.dll+0x3031d6]
V  [jvm.dll+0x30a756]
V  [jvm.dll+0x359f9e]
V  [jvm.dll+0x35a1cf]
V  [jvm.dll+0x2da3e8]
V  [jvm.dll+0x2db354]
V  [jvm.dll+0x7aa711]
V  [jvm.dll+0x367b51]
V  [jvm.dll+0x789979]
V  [jvm.dll+0x3eb05f]
V  [jvm.dll+0x3ecae1]
C  [jli.dll+0x5297]
C  [ucrtbase.dll+0x21bb2]
C  [KERNEL32.DLL+0x17374]
C  [ntdll.dll+0x4cc91]


---------------  P R O C E S S  ---------------

Threads class SMR info:
_java_thread_list=0x00007fff4d1459d8, length=0, elements={
}

Java Threads: ( => current thread )

Other Threads:
  0x00000295ff720a00 GCTaskThread "GC Thread#0" [stack: 0x000000f06c100000,0x000000f06c200000] [id=25068]
  0x00000295f83edf20 ConcurrentGCThread "G1 Main Marker" [stack: 0x000000f06c200000,0x000000f06c300000] [id=13624]
  0x00000295f83ee840 ConcurrentGCThread "G1 Conc#0" [stack: 0x000000f06c300000,0x000000f06c400000] [id=21556]

[error occurred during error reporting (printing all threads), id 0xc0000005, EXCEPTION_ACCESS_VIOLATION (0xc0000005) at pc=0x00007fff4c97b047]

VM state: not at safepoint (not fully initialized)

VM Mutex/Monitor currently owned by a thread:  ([mutex/lock_event])
[0x00000295fa4a3d70] Heap_lock - owner thread: 0x00000295fa4a77e0

Heap address: 0x0000000603800000, size: 8136 MB, Compressed Oops mode: Zero based, Oop shift amount: 3

CDS archive(s) mapped at: [0x0000000000000000-0x0000000000000000-0x0000000000000000), size 0, SharedBaseAddress: 0x0000000800000000, ArchiveRelocationMode: 1.
Narrow klass base: 0x0000000000000000, Narrow klass shift: 0, Narrow klass range: 0x0

GC Precious Log:
<Empty>

Heap:
 garbage-first heap   total 0K, used 0K [0x0000000603800000, 0x0000000800000000)
  region size 4096K, 0 young (0K), 0 survivors (0K)

[error occurred during error reporting (printing heap information), id 0xc0000005, EXCEPTION_ACCESS_VIOLATION (0xc0000005) at pc=0x00007fff4cd61499]

GC Heap History (0 events):
No events

Deoptimization events (0 events):
No events

Classes unloaded (0 events):
No events

Classes redefined (0 events):
No events

Internal exceptions (0 events):
No events

VM Operations (0 events):
No events

Events (1 events):
Event: 0.005 Loaded shared library C:\Program Files\Java\jdk-17\bin\java.dll


Dynamic libraries:
0x00007ff7a0ba0000 - 0x00007ff7a0bb0000 	C:\Program Files\Java\jdk-17\bin\java.exe
0x00007ff81e090000 - 0x00007ff81e288000 	C:\Windows\SYSTEM32\ntdll.dll
0x00007ff81d530000 - 0x00007ff81d5f2000 	C:\Windows\System32\KERNEL32.DLL
0x00007ff81bc70000 - 0x00007ff81bf6f000 	C:\Windows\System32\KERNELBASE.dll
0x00007ff81b810000 - 0x00007ff81b910000 	C:\Windows\System32\ucrtbase.dll
0x00007ff8020f0000 - 0x00007ff802109000 	C:\Program Files\Java\jdk-17\bin\jli.dll
0x00007ff800330000 - 0x00007ff80034b000 	C:\Program Files\Java\jdk-17\bin\VCRUNTIME140.dll
0x00007ff81d2b0000 - 0x00007ff81d35f000 	C:\Windows\System32\ADVAPI32.dll
0x00007ff81d600000 - 0x00007ff81d69e000 	C:\Windows\System32\msvcrt.dll
0x00007ff81cfd0000 - 0x00007ff81d06f000 	C:\Windows\System32\sechost.dll
0x00007ff81d6a0000 - 0x00007ff81d7c3000 	C:\Windows\System32\RPCRT4.dll
0x00007ff81bb90000 - 0x00007ff81bbb7000 	C:\Windows\System32\bcrypt.dll
0x00007ff81d360000 - 0x00007ff81d4fd000 	C:\Windows\System32\USER32.dll
0x00007ff81bf70000 - 0x00007ff81bf92000 	C:\Windows\System32\win32u.dll
0x00007ff81d500000 - 0x00007ff81d52b000 	C:\Windows\System32\GDI32.dll
0x00007fffff140000 - 0x00007fffff3da000 	C:\Windows\WinSxS\amd64_microsoft.windows.common-controls_6595b64144ccf1df_6.0.19041.4355_none_60b8b9eb71f62e16\COMCTL32.dll
0x00007ff81b910000 - 0x00007ff81ba2a000 	C:\Windows\System32\gdi32full.dll
0x00007ff81bfa0000 - 0x00007ff81c03d000 	C:\Windows\System32\msvcp_win.dll
0x00007ff815d40000 - 0x00007ff815d4a000 	C:\Windows\SYSTEM32\VERSION.dll
0x00007ff81c260000 - 0x00007ff81c28f000 	C:\Windows\System32\IMM32.DLL
0x00007ff816aa0000 - 0x00007ff816aac000 	C:\Program Files\Java\jdk-17\bin\vcruntime140_1.dll
0x00007fffd6480000 - 0x00007fffd650e000 	C:\Program Files\Java\jdk-17\bin\msvcp140.dll
0x00007fff4c690000 - 0x00007fff4d26e000 	C:\Program Files\Java\jdk-17\bin\server\jvm.dll
0x00007ff81d7d0000 - 0x00007ff81d7d8000 	C:\Windows\System32\PSAPI.DLL
0x00007ffffb6b0000 - 0x00007ffffb6d7000 	C:\Windows\SYSTEM32\WINMM.dll
0x00007ff80aa50000 - 0x00007ff80aa59000 	C:\Windows\SYSTEM32\WSOCK32.dll
0x00007ff81d240000 - 0x00007ff81d2ab000 	C:\Windows\System32\WS2_32.dll
0x00007ff81a0c0000 - 0x00007ff81a0d2000 	C:\Windows\SYSTEM32\kernel.appcore.dll
0x00007ffffe4a0000 - 0x00007ffffe4aa000 	C:\Program Files\Java\jdk-17\bin\jimage.dll
0x00007ff819710000 - 0x00007ff8198f4000 	C:\Windows\SYSTEM32\DBGHELP.DLL
0x00007ffff9790000 - 0x00007ffff97c4000 	C:\Windows\SYSTEM32\dbgcore.DLL
0x00007ff81b780000 - 0x00007ff81b802000 	C:\Windows\System32\bcryptPrimitives.dll
0x00007ffff26d0000 - 0x00007ffff26de000 	C:\Program Files\Java\jdk-17\bin\instrument.dll
0x00007ffffc2a0000 - 0x00007ffffc2c5000 	C:\Program Files\Java\jdk-17\bin\java.dll

dbghelp: loaded successfully - version: 4.0.5 - missing functions: none
symbol engine: initialized successfully - sym options: 0x614 - pdb path: .;C:\Program Files\Java\jdk-17\bin;C:\Windows\SYSTEM32;C:\Windows\WinSxS\amd64_microsoft.windows.common-controls_6595b64144ccf1df_6.0.19041.4355_none_60b8b9eb71f62e16;C:\Program Files\Java\jdk-17\bin\server

VM Arguments:
jvm_args: -XX:TieredStopAtLevel=1 -Dspring.output.ansi.enabled=always -Dcom.sun.management.jmxremote -Dspring.jmx.enabled=true -Dspring.liveBeansView.mbeanDomain -Dspring.application.admin.enabled=true -Dmanagement.endpoints.jmx.exposure.include=* -javaagent:D:\Program Files\IntelliJ\IntelliJ IDEA 2024.3\lib\idea_rt.jar=44697:D:\Program Files\IntelliJ\IntelliJ IDEA 2024.3/bin -Dfile.encoding=UTF-8 
java_command: com.duongw.commonservice.CommonServiceApplication
java_class_path (initial): D:\@duong\jobtracker-project\job-tracker\jobtracker-be\common-service\target\classes;C:\Users\Duongw\.m2\repository\org\springframework\boot\spring-boot-starter-actuator\3.4.1\spring-boot-starter-actuator-3.4.1.jar;C:\Users\Duongw\.m2\repository\org\springframework\boot\spring-boot-starter\3.4.1\spring-boot-starter-3.4.1.jar;C:\Users\Duongw\.m2\repository\org\springframework\boot\spring-boot-starter-logging\3.4.1\spring-boot-starter-logging-3.4.1.jar;C:\Users\Duongw\.m2\repository\ch\qos\logback\logback-classic\1.5.12\logback-classic-1.5.12.jar;C:\Users\Duongw\.m2\repository\ch\qos\logback\logback-core\1.5.12\logback-core-1.5.12.jar;C:\Users\Duongw\.m2\repository\org\apache\logging\log4j\log4j-to-slf4j\2.24.3\log4j-to-slf4j-2.24.3.jar;C:\Users\Duongw\.m2\repository\org\apache\logging\log4j\log4j-api\2.24.3\log4j-api-2.24.3.jar;C:\Users\Duongw\.m2\repository\org\slf4j\jul-to-slf4j\2.0.16\jul-to-slf4j-2.0.16.jar;C:\Users\Duongw\.m2\repository\jakarta\annotation\jakarta.annotation-api\2.1.1\jakarta.annotation-api-2.1.1.jar;C:\Users\Duongw\.m2\repository\org\yaml\snakeyaml\2.3\snakeyaml-2.3.jar;C:\Users\Duongw\.m2\repository\org\springframework\boot\spring-boot-actuator-autoconfigure\3.4.1\spring-boot-actuator-autoconfigure-3.4.1.jar;C:\Users\Duongw\.m2\repository\org\springframework\boot\spring-boot-actuator\3.4.1\spring-boot-actuator-3.4.1.jar;C:\Users\Duongw\.m2\repository\com\fasterxml\jackson\datatype\jackson-datatype-jsr310\2.18.2\jackson-datatype-jsr310-2.18.2.jar;C:\Users\Duongw\.m2\repository\io\micrometer\micrometer-observation\1.14.2\micrometer-observation-1.14.2.jar;C:\Users\Duongw\.m2\repository\io\micrometer\micrometer-commons\1.14.2\micrometer-commons-1.14.2.jar;C:\Users\Duongw\.m2\repository\io\micrometer\micrometer-jakarta9\1.14.2\micrometer-jakarta9-1.14.2.jar;C:\Users\Duongw\.m2\repository\io\micrometer\micrometer-core\1.14.2\micrometer-core-1.14.2.jar;C:\Users\Duongw\.m2\repository\org\hdrhistogram\HdrHistogram\2.2.2\HdrH
Launcher Type: SUN_STANDARD

[Global flags]
     intx CICompilerCount                          = 4                                         {product} {ergonomic}
     uint ConcGCThreads                            = 2                                         {product} {ergonomic}
     uint G1ConcRefinementThreads                  = 8                                         {product} {ergonomic}
   size_t G1HeapRegionSize                         = 4194304                                   {product} {ergonomic}
    uintx GCDrainStackTargetSize                   = 64                                        {product} {ergonomic}
   size_t InitialHeapSize                          = 536870912                                 {product} {ergonomic}
     bool ManagementServer                         = true                                      {product} {command line}
   size_t MarkStackSize                            = 4194304                                   {product} {ergonomic}
   size_t MaxHeapSize                              = 8531214336                                {product} {ergonomic}
   size_t MinHeapDeltaBytes                        = 4194304                                   {product} {ergonomic}
   size_t MinHeapSize                              = 8388608                                   {product} {ergonomic}
    uintx NonProfiledCodeHeapSize                  = 0                                      {pd product} {ergonomic}
     bool ProfileInterpreter                       = false                                  {pd product} {command line}
    uintx ProfiledCodeHeapSize                     = 0                                      {pd product} {ergonomic}
   size_t SoftMaxHeapSize                          = 8531214336                             {manageable} {ergonomic}
     intx TieredStopAtLevel                        = 1                                         {product} {command line}
     bool UseCompressedClassPointers               = true                           {product lp64_product} {ergonomic}
     bool UseCompressedOops                        = true                           {product lp64_product} {ergonomic}
     bool UseG1GC                                  = true                                      {product} {ergonomic}
     bool UseLargePagesIndividualAllocation        = false                                  {pd product} {ergonomic}

Logging:
Log output configuration:
 #0: stdout all=warning uptime,level,tags
 #1: stderr all=off uptime,level,tags

Environment Variables:
JAVA_HOME=C:\Program Files\Java\jdk-17
PATH=D:\oracle\product\19c\dbhome1\bin;C:\Program Files\Common Files\Oracle\Java\javapath;C:\Program Files (x86)\Common Files\Oracle\Java\java8path;C:\Program Files (x86)\Common Files\Oracle\Java\javapath;C:\Windows\system32;C:\Windows;C:\Windows\System32\Wbem;C:\Windows\System32\WindowsPowerShell\v1.0\;C:\Windows\System32\OpenSSH\;C:\Program Files\Java\jdk-17\bin;C:\Program Files\apache-maven-3.9.4\bin;D:\Program Files\python 3.11;%MYSQL_HOME%\bin;D:\Program Files\Graphviz\bin\bin;C:\ProgramData\chocolatey\bin;C:\Users\Duongw\AppData\Roaming\nvm;C:\Program Files\nodejs;C:\Program Files\nodejs\;C:\Program Files\Git\cmd;C:\Program Files\Docker\Docker\resources\bin;C:\Program Files\dotnet\;C:\Program Files\MySQL\MySQL Shell 8.0\bin\;D:\Program Files\python 3.11\Scripts\;D:\Program Files\python 3.11\;C:\Users\Duongw\AppData\Local\Microsoft\WindowsApps;D:\Program files\IntelliJ IDEA 2023.2.2\bin;D:\Program files\Pycharm\PyCharm Community Edition 2023.2.1\bin;C:\Users\Duongw\AppData\Local\Programs\oh-my-posh\bin;D:\Program Files\python 3.11;D:\Program Files\Microsoft VScode\Microsoft VS Code\bin;D:\Program Files\DataGrip 2023.2.2\bin;D:\Program Files\Graphviz\bin;C:\Users\Duongw\AppData\Local\JetBrains\Toolbox\scripts;C:\Users\Duongw\AppData\Roaming\nvm;C:\Program Files\nodejs;C:\Users\Duongw\AppData\Roaming\npm;D:\Program Files\PyCharm 2023.3.2\bin;;D:\Program Files\WebStorm 2024.3.1\bin;;D:\Program Files\IntelliJ\IntelliJ IDEA 2024.3\bin;;D:\Program Files\OpenSSL-Win64\bin;
USERNAME=Duongw
OS=Windows_NT
PROCESSOR_IDENTIFIER=Intel64 Family 6 Model 140 Stepping 1, GenuineIntel



---------------  S Y S T E M  ---------------

OS:
 Windows 10 , 64 bit Build 19041 (10.0.19041.5438)
OS uptime: 0 days 4:31 hours
Hyper-V role detected

CPU: total 8 (initial active 8) (4 cores per cpu, 2 threads per core) family 6 model 140 stepping 1 microcode 0x9a, cx8, cmov, fxsr, ht, mmx, 3dnowpref, sse, sse2, sse3, ssse3, sse4.1, sse4.2, popcnt, lzcnt, tsc, tscinvbit, avx, avx2, aes, erms, clmul, bmi1, bmi2, adx, avx512f, avx512dq, avx512cd, avx512bw, avx512vl, sha, fma, vzeroupper, avx512_vpopcntdq, avx512_vpclmulqdq, avx512_vaes, avx512_vnni, clflush, clflushopt, clwb, avx512_vbmi2, avx512_vbmi, hv

Memory: 4k page, system-wide physical 32533M (8663M free)
TotalPageFile size 33557M (AvailPageFile size 258M)
current process WorkingSet (physical memory assigned to process): 10M, peak: 10M
current process commit charge ("private bytes"): 55M, peak: 567M

vm_info: Java HotSpot(TM) 64-Bit Server VM (17.0.8+9-LTS-211) for windows-amd64 JRE (17.0.8+9-LTS-211), built on Jun 14 2023 10:34:31 by "mach5one" with MS VC++ 17.1 (VS2022)

END.
