#
# There is insufficient memory for the Java Runtime Environment to continue.
# Native memory allocation (malloc) failed to allocate 1303648 bytes. Error detail: Chunk::new
# Possible reasons:
#   The system is out of physical RAM or swap space
#   This process is running with CompressedOops enabled, and the Java Heap may be blocking the growth of the native heap
# Possible solutions:
#   Reduce memory load on the system
#   Increase physical memory or swap space
#   Check if swap backing store is full
#   Decrease Java heap size (-Xmx/-Xms)
#   Decrease number of Java threads
#   Decrease Java thread stack sizes (-Xss)
#   Set larger code cache with -XX:ReservedCodeCacheSize=
#   JVM is running with Unscaled Compressed Oops mode in which the Java heap is
#     placed in the first 4GB address space. The Java Heap base address is the
#     maximum limit for the native heap growth. Please use -XX:HeapBaseMinAddress
#     to set the Java Heap base and to place the Java Heap above 4GB virtual address.
# This output file may be truncated or incomplete.
#
#  Out of Memory Error (arena.cpp:168), pid=27196, tid=27056
#
# JRE version: OpenJDK Runtime Environment JBR-21.0.5+8-631.16-jcef (21.0.5+8) (build 21.0.5+8-b631.16)
# Java VM: OpenJDK 64-Bit Server VM JBR-21.0.5+8-631.16-jcef (21.0.5+8-b631.16, mixed mode, sharing, tiered, compressed oops, compressed class ptrs, g1 gc, windows-amd64)
# No core dump will be written. Minidumps are not enabled by default on client versions of Windows
#

---------------  S U M M A R Y ------------

Command Line: -Djava.rmi.server.hostname=127.0.0.1 -Duser.timezone=UTC -Xmx2048m -Xms128m -Djdbc.classpath=C:\Users\Duongw\AppData\Local\Temp\RemoteDriver27066.classpath.txt --add-exports=java.desktop/sun.awt=ALL-UNNAMED --add-exports=java.desktop/java.awt.peer=ALL-UNNAMED --add-opens=java.desktop/java.awt=ALL-UNNAMED --add-opens=jdk.unsupported/sun.misc=ALL-UNNAMED --add-opens=java.base/java.nio=ALL-UNNAMED --add-opens=java.base/java.util=ALL-UNNAMED -Dfile.encoding=UTF-8 -Dsun.stdout.encoding=UTF-8 -Dsun.stderr.encoding=UTF-8 com.intellij.database.remote.RemoteJdbcServer oracle.jdbc.OracleDriver

Host: 11th Gen Intel(R) Core(TM) i5-1135G7 @ 2.40GHz, 8 cores, 31G,  Windows 10 , 64 bit Build 19041 (10.0.19041.5198)
Time: Tue Feb  4 10:27:38 2025 SE Asia Standard Time elapsed time: 3.664519 seconds (0d 0h 0m 3s)

---------------  T H R E A D  ---------------

Current thread (0x00000238fdbf3fe0):  JavaThread "C2 CompilerThread1" daemon [_thread_in_native, id=27056, stack(0x000000f3bd500000,0x000000f3bd600000) (1024K)]


Current CompileTask:
C2:3664 2192       4       java.lang.invoke.MethodType::makeImpl (109 bytes)

Stack: [0x000000f3bd500000,0x000000f3bd600000]
Native frames: (J=compiled Java code, j=interpreted, Vv=VM code, C=native code)
V  [jvm.dll+0x6e52b9]
V  [jvm.dll+0x8c3633]
V  [jvm.dll+0x8c5b8e]
V  [jvm.dll+0x8c6273]
V  [jvm.dll+0x288f46]
V  [jvm.dll+0xc66dd]
V  [jvm.dll+0xc6c13]
V  [jvm.dll+0x3c456b]
V  [jvm.dll+0x1e61e4]
V  [jvm.dll+0x2508f4]
V  [jvm.dll+0x24fd71]
V  [jvm.dll+0x1cd6a4]
V  [jvm.dll+0x25f5dc]
V  [jvm.dll+0x25db26]
V  [jvm.dll+0x3ff5e6]
V  [jvm.dll+0x86b248]
V  [jvm.dll+0x6e3abd]
C  [ucrtbase.dll+0x21bb2]
C  [KERNEL32.DLL+0x17374]
C  [ntdll.dll+0x4cc91]


---------------  P R O C E S S  ---------------

Threads class SMR info:
_java_thread_list=0x00000238fdf4bc30, length=26, elements={
0x00000238e27f3d50, 0x00000238fce453e0, 0x00000238fce462f0, 0x00000238fce49110,
0x00000238fce4acd0, 0x00000238fce4bd30, 0x00000238fce4c780, 0x00000238fce4f510,
0x00000238fce5a650, 0x00000238fd1d97c0, 0x00000238fd1d9e20, 0x00000238fd74b3f0,
0x00000238fd8ea680, 0x00000238fda92640, 0x00000238fda92ca0, 0x00000238fd957020,
0x00000238fdcd80a0, 0x00000238fdcead40, 0x00000238fdcef3b0, 0x00000238fdcf14a0,
0x00000238fdcf0780, 0x00000238fdcf2850, 0x00000238fdcf1b30, 0x00000238fdbf3fe0,
0x00000238fdd946a0, 0x00000238fdcf2ee0
}

Java Threads: ( => current thread )
  0x00000238e27f3d50 JavaThread "main"                              [_thread_blocked, id=12368, stack(0x000000f3bb000000,0x000000f3bb100000) (1024K)]
  0x00000238fce453e0 JavaThread "Reference Handler"          daemon [_thread_blocked, id=19408, stack(0x000000f3bb800000,0x000000f3bb900000) (1024K)]
  0x00000238fce462f0 JavaThread "Finalizer"                  daemon [_thread_blocked, id=12680, stack(0x000000f3bb900000,0x000000f3bba00000) (1024K)]
  0x00000238fce49110 JavaThread "Signal Dispatcher"          daemon [_thread_blocked, id=18924, stack(0x000000f3bba00000,0x000000f3bbb00000) (1024K)]
  0x00000238fce4acd0 JavaThread "Attach Listener"            daemon [_thread_blocked, id=20520, stack(0x000000f3bbb00000,0x000000f3bbc00000) (1024K)]
  0x00000238fce4bd30 JavaThread "Service Thread"             daemon [_thread_blocked, id=17780, stack(0x000000f3bbc00000,0x000000f3bbd00000) (1024K)]
  0x00000238fce4c780 JavaThread "Monitor Deflation Thread"   daemon [_thread_blocked, id=16640, stack(0x000000f3bbd00000,0x000000f3bbe00000) (1024K)]
  0x00000238fce4f510 JavaThread "C2 CompilerThread0"         daemon [_thread_blocked, id=9992, stack(0x000000f3bbe00000,0x000000f3bbf00000) (1024K)]
  0x00000238fce5a650 JavaThread "C1 CompilerThread0"         daemon [_thread_in_native, id=24712, stack(0x000000f3bbf00000,0x000000f3bc000000) (1024K)]
  0x00000238fd1d97c0 JavaThread "Common-Cleaner"             daemon [_thread_blocked, id=26600, stack(0x000000f3bc000000,0x000000f3bc100000) (1024K)]
  0x00000238fd1d9e20 JavaThread "Notification Thread"        daemon [_thread_blocked, id=27028, stack(0x000000f3bc100000,0x000000f3bc200000) (1024K)]
  0x00000238fd74b3f0 JavaThread "RMI TCP Accept-54139"       daemon [_thread_in_native, id=27428, stack(0x000000f3bc300000,0x000000f3bc400000) (1024K)]
  0x00000238fd8ea680 JavaThread "RMI TCP Accept-0"           daemon [_thread_in_native, id=8296, stack(0x000000f3bc400000,0x000000f3bc500000) (1024K)]
  0x00000238fda92640 JavaThread "RMI Reaper"                        [_thread_blocked, id=7200, stack(0x000000f3bc500000,0x000000f3bc600000) (1024K)]
  0x00000238fda92ca0 JavaThread "RMI GC Daemon"              daemon [_thread_blocked, id=4636, stack(0x000000f3bc600000,0x000000f3bc700000) (1024K)]
  0x00000238fd957020 JavaThread "RMI TCP Connection(1)-127.0.0.1" daemon [_thread_in_native, id=22140, stack(0x000000f3bce00000,0x000000f3bcf00000) (1024K)]
  0x00000238fdcd80a0 JavaThread "RMI TCP Connection(2)-127.0.0.1" daemon [_thread_in_native, id=6584, stack(0x000000f3bcf00000,0x000000f3bd000000) (1024K)]
  0x00000238fdcead40 JavaThread "RMI TCP Connection(3)-127.0.0.1" daemon [_thread_in_vm, id=18092, stack(0x000000f3bd000000,0x000000f3bd100000) (1024K)]
  0x00000238fdcef3b0 JavaThread "RMI TCP Connection(4)-127.0.0.1" daemon [_thread_in_native, id=24864, stack(0x000000f3bd100000,0x000000f3bd200000) (1024K)]
  0x00000238fdcf14a0 JavaThread "RMI Scheduler(0)"           daemon [_thread_blocked, id=26464, stack(0x000000f3bd200000,0x000000f3bd300000) (1024K)]
  0x00000238fdcf0780 JavaThread "RMI RenewClean-[127.0.0.1:19883]" daemon [_thread_blocked, id=22588, stack(0x000000f3bc200000,0x000000f3bc300000) (1024K)]
  0x00000238fdcf2850 JavaThread "oracle.jdbc.driver.BlockSource.ThreadedCachingBlockSource.BlockReleaser" daemon [_thread_blocked, id=18652, stack(0x000000f3bd300000,0x000000f3bd400000) (1024K)]
  0x00000238fdcf1b30 JavaThread "InterruptTimer"             daemon [_thread_blocked, id=8248, stack(0x000000f3bd400000,0x000000f3bd500000) (1024K)]
=>0x00000238fdbf3fe0 JavaThread "C2 CompilerThread1"         daemon [_thread_in_native, id=27056, stack(0x000000f3bd500000,0x000000f3bd600000) (1024K)]
  0x00000238fdd946a0 JavaThread "C2 CompilerThread2"         daemon [_thread_blocked, id=10748, stack(0x000000f3bd600000,0x000000f3bd700000) (1024K)]
  0x00000238fdcf2ee0 JavaThread "OJDBC-WORKER-THREAD-1"      daemon [_thread_blocked, id=18400, stack(0x000000f3bd700000,0x000000f3bd800000) (1024K)]
Total: 26

Other Threads:
  0x00000238fce29620 VMThread "VM Thread"                           [id=25956, stack(0x000000f3bb700000,0x000000f3bb800000) (1024K)]
  0x00000238fce19420 WatcherThread "VM Periodic Task Thread"        [id=23400, stack(0x000000f3bb600000,0x000000f3bb700000) (1024K)]
  0x00000238e29e8fd0 WorkerThread "GC Thread#0"                     [id=26832, stack(0x000000f3bb100000,0x000000f3bb200000) (1024K)]
  0x00000238fd8eace0 WorkerThread "GC Thread#1"                     [id=27340, stack(0x000000f3bc700000,0x000000f3bc800000) (1024K)]
  0x00000238fddadf80 WorkerThread "GC Thread#2"                     [id=9784, stack(0x000000f3bc800000,0x000000f3bc900000) (1024K)]
  0x00000238fddae320 WorkerThread "GC Thread#3"                     [id=24316, stack(0x000000f3bc900000,0x000000f3bca00000) (1024K)]
  0x00000238fd967850 WorkerThread "GC Thread#4"                     [id=21440, stack(0x000000f3bca00000,0x000000f3bcb00000) (1024K)]
  0x00000238fdb7c7b0 WorkerThread "GC Thread#5"                     [id=8508, stack(0x000000f3bcb00000,0x000000f3bcc00000) (1024K)]
  0x00000238fdb7cb50 WorkerThread "GC Thread#6"                     [id=6500, stack(0x000000f3bcc00000,0x000000f3bcd00000) (1024K)]
  0x00000238fdb7cef0 WorkerThread "GC Thread#7"                     [id=11564, stack(0x000000f3bcd00000,0x000000f3bce00000) (1024K)]
  0x00000238e29f9ec0 ConcurrentGCThread "G1 Main Marker"            [id=27248, stack(0x000000f3bb200000,0x000000f3bb300000) (1024K)]
  0x00000238e29fa8d0 WorkerThread "G1 Conc#0"                       [id=17256, stack(0x000000f3bb300000,0x000000f3bb400000) (1024K)]
  0x00000238e2a5e9f0 ConcurrentGCThread "G1 Refine#0"               [id=27644, stack(0x000000f3bb400000,0x000000f3bb500000) (1024K)]
  0x00000238fccdf690 ConcurrentGCThread "G1 Service"                [id=21540, stack(0x000000f3bb500000,0x000000f3bb600000) (1024K)]
Total: 14

Threads with active compile tasks:
C2 CompilerThread1  3688 2192       4       java.lang.invoke.MethodType::makeImpl (109 bytes)
Total: 1

VM state: not at safepoint (normal execution)

VM Mutex/Monitor currently owned by a thread:  ([mutex/lock_event])
[0x00007ffb724cc830] Metaspace_lock - owner thread: 0x00000238fdcead40

Heap address: 0x0000000080000000, size: 2048 MB, Compressed Oops mode: 32-bit

CDS archive(s) mapped at: [0x0000023880000000-0x0000023880d00000-0x0000023880d00000), size 13631488, SharedBaseAddress: 0x0000023880000000, ArchiveRelocationMode: 1.
Compressed class space mapped at: 0x0000023881000000-0x00000238c1000000, reserved size: 1073741824
Narrow klass base: 0x0000023880000000, Narrow klass shift: 0, Narrow klass range: 0x100000000

GC Precious Log:
 CardTable entry size: 512
 Card Set container configuration: InlinePtr #cards 5 size 8 Array Of Cards #cards 12 size 40 Howl #buckets 4 coarsen threshold 1843 Howl Bitmap #cards 512 size 80 coarsen threshold 460 Card regions per heap region 1 cards per card region 2048
 CPUs: 8 total, 8 available
 Memory: 32533M
 Large Page Support: Disabled
 NUMA Support: Disabled
 Compressed Oops: Enabled (32-bit)
 Heap Region Size: 1M
 Heap Min Capacity: 128M
 Heap Initial Capacity: 128M
 Heap Max Capacity: 2G
 Pre-touch: Disabled
 Parallel Workers: 8
 Concurrent Workers: 2
 Concurrent Refinement Workers: 8
 Periodic GC: Disabled

Heap:
 garbage-first heap   total 131072K, used 35008K [0x0000000080000000, 0x0000000100000000)
  region size 1024K, 30 young (30720K), 3 survivors (3072K)
 Metaspace       used 18535K, committed 19008K, reserved 1114112K
  class space    used 2123K, committed 2368K, reserved 1048576K

Heap Regions: E=young(eden), S=young(survivor), O=old, HS=humongous(starts), HC=humongous(continues), CS=collection set, F=free, TAMS=top-at-mark-start, PB=parsable bottom
|   0|0x0000000080000000, 0x0000000080100000, 0x0000000080100000|100%|HS|  |TAMS 0x0000000080000000| PB 0x0000000080000000| Complete 
|   1|0x0000000080100000, 0x0000000080200000, 0x0000000080200000|100%|HC|  |TAMS 0x0000000080100000| PB 0x0000000080100000| Complete 
|   2|0x0000000080200000, 0x0000000080300000, 0x0000000080300000|100%|HS|  |TAMS 0x0000000080200000| PB 0x0000000080200000| Complete 
|   3|0x0000000080300000, 0x0000000080400000, 0x0000000080400000|100%|HS|  |TAMS 0x0000000080300000| PB 0x0000000080300000| Complete 
|   4|0x0000000080400000, 0x0000000080500000, 0x0000000080500000|100%| O|  |TAMS 0x0000000080400000| PB 0x0000000080400000| Untracked 
|   5|0x0000000080500000, 0x0000000080600000, 0x0000000080600000|100%| O|  |TAMS 0x0000000080500000| PB 0x0000000080500000| Untracked 
|   6|0x0000000080600000, 0x0000000080630000, 0x0000000080700000| 18%| O|  |TAMS 0x0000000080600000| PB 0x0000000080600000| Untracked 
|   7|0x0000000080700000, 0x0000000080700000, 0x0000000080800000|  0%| F|  |TAMS 0x0000000080700000| PB 0x0000000080700000| Untracked 
|   8|0x0000000080800000, 0x0000000080800000, 0x0000000080900000|  0%| F|  |TAMS 0x0000000080800000| PB 0x0000000080800000| Untracked 
|   9|0x0000000080900000, 0x0000000080900000, 0x0000000080a00000|  0%| F|  |TAMS 0x0000000080900000| PB 0x0000000080900000| Untracked 
|  10|0x0000000080a00000, 0x0000000080a00000, 0x0000000080b00000|  0%| F|  |TAMS 0x0000000080a00000| PB 0x0000000080a00000| Untracked 
|  11|0x0000000080b00000, 0x0000000080b00000, 0x0000000080c00000|  0%| F|  |TAMS 0x0000000080b00000| PB 0x0000000080b00000| Untracked 
|  12|0x0000000080c00000, 0x0000000080c00000, 0x0000000080d00000|  0%| F|  |TAMS 0x0000000080c00000| PB 0x0000000080c00000| Untracked 
|  13|0x0000000080d00000, 0x0000000080d00000, 0x0000000080e00000|  0%| F|  |TAMS 0x0000000080d00000| PB 0x0000000080d00000| Untracked 
|  14|0x0000000080e00000, 0x0000000080e00000, 0x0000000080f00000|  0%| F|  |TAMS 0x0000000080e00000| PB 0x0000000080e00000| Untracked 
|  15|0x0000000080f00000, 0x0000000080f00000, 0x0000000081000000|  0%| F|  |TAMS 0x0000000080f00000| PB 0x0000000080f00000| Untracked 
|  16|0x0000000081000000, 0x0000000081000000, 0x0000000081100000|  0%| F|  |TAMS 0x0000000081000000| PB 0x0000000081000000| Untracked 
|  17|0x0000000081100000, 0x0000000081100000, 0x0000000081200000|  0%| F|  |TAMS 0x0000000081100000| PB 0x0000000081100000| Untracked 
|  18|0x0000000081200000, 0x0000000081200000, 0x0000000081300000|  0%| F|  |TAMS 0x0000000081200000| PB 0x0000000081200000| Untracked 
|  19|0x0000000081300000, 0x0000000081300000, 0x0000000081400000|  0%| F|  |TAMS 0x0000000081300000| PB 0x0000000081300000| Untracked 
|  20|0x0000000081400000, 0x0000000081400000, 0x0000000081500000|  0%| F|  |TAMS 0x0000000081400000| PB 0x0000000081400000| Untracked 
|  21|0x0000000081500000, 0x0000000081500000, 0x0000000081600000|  0%| F|  |TAMS 0x0000000081500000| PB 0x0000000081500000| Untracked 
|  22|0x0000000081600000, 0x0000000081600000, 0x0000000081700000|  0%| F|  |TAMS 0x0000000081600000| PB 0x0000000081600000| Untracked 
|  23|0x0000000081700000, 0x0000000081700000, 0x0000000081800000|  0%| F|  |TAMS 0x0000000081700000| PB 0x0000000081700000| Untracked 
|  24|0x0000000081800000, 0x0000000081800000, 0x0000000081900000|  0%| F|  |TAMS 0x0000000081800000| PB 0x0000000081800000| Untracked 
|  25|0x0000000081900000, 0x0000000081900000, 0x0000000081a00000|  0%| F|  |TAMS 0x0000000081900000| PB 0x0000000081900000| Untracked 
|  26|0x0000000081a00000, 0x0000000081a00000, 0x0000000081b00000|  0%| F|  |TAMS 0x0000000081a00000| PB 0x0000000081a00000| Untracked 
|  27|0x0000000081b00000, 0x0000000081b00000, 0x0000000081c00000|  0%| F|  |TAMS 0x0000000081b00000| PB 0x0000000081b00000| Untracked 
|  28|0x0000000081c00000, 0x0000000081c00000, 0x0000000081d00000|  0%| F|  |TAMS 0x0000000081c00000| PB 0x0000000081c00000| Untracked 
|  29|0x0000000081d00000, 0x0000000081d00000, 0x0000000081e00000|  0%| F|  |TAMS 0x0000000081d00000| PB 0x0000000081d00000| Untracked 
|  30|0x0000000081e00000, 0x0000000081e00000, 0x0000000081f00000|  0%| F|  |TAMS 0x0000000081e00000| PB 0x0000000081e00000| Untracked 
|  31|0x0000000081f00000, 0x0000000081f00000, 0x0000000082000000|  0%| F|  |TAMS 0x0000000081f00000| PB 0x0000000081f00000| Untracked 
|  32|0x0000000082000000, 0x0000000082000000, 0x0000000082100000|  0%| F|  |TAMS 0x0000000082000000| PB 0x0000000082000000| Untracked 
|  33|0x0000000082100000, 0x0000000082100000, 0x0000000082200000|  0%| F|  |TAMS 0x0000000082100000| PB 0x0000000082100000| Untracked 
|  34|0x0000000082200000, 0x0000000082200000, 0x0000000082300000|  0%| F|  |TAMS 0x0000000082200000| PB 0x0000000082200000| Untracked 
|  35|0x0000000082300000, 0x0000000082300000, 0x0000000082400000|  0%| F|  |TAMS 0x0000000082300000| PB 0x0000000082300000| Untracked 
|  36|0x0000000082400000, 0x0000000082400000, 0x0000000082500000|  0%| F|  |TAMS 0x0000000082400000| PB 0x0000000082400000| Untracked 
|  37|0x0000000082500000, 0x0000000082500000, 0x0000000082600000|  0%| F|  |TAMS 0x0000000082500000| PB 0x0000000082500000| Untracked 
|  38|0x0000000082600000, 0x0000000082600000, 0x0000000082700000|  0%| F|  |TAMS 0x0000000082600000| PB 0x0000000082600000| Untracked 
|  39|0x0000000082700000, 0x0000000082700000, 0x0000000082800000|  0%| F|  |TAMS 0x0000000082700000| PB 0x0000000082700000| Untracked 
|  40|0x0000000082800000, 0x0000000082800000, 0x0000000082900000|  0%| F|  |TAMS 0x0000000082800000| PB 0x0000000082800000| Untracked 
|  41|0x0000000082900000, 0x0000000082900000, 0x0000000082a00000|  0%| F|  |TAMS 0x0000000082900000| PB 0x0000000082900000| Untracked 
|  42|0x0000000082a00000, 0x0000000082a00000, 0x0000000082b00000|  0%| F|  |TAMS 0x0000000082a00000| PB 0x0000000082a00000| Untracked 
|  43|0x0000000082b00000, 0x0000000082b00000, 0x0000000082c00000|  0%| F|  |TAMS 0x0000000082b00000| PB 0x0000000082b00000| Untracked 
|  44|0x0000000082c00000, 0x0000000082c00000, 0x0000000082d00000|  0%| F|  |TAMS 0x0000000082c00000| PB 0x0000000082c00000| Untracked 
|  45|0x0000000082d00000, 0x0000000082d00000, 0x0000000082e00000|  0%| F|  |TAMS 0x0000000082d00000| PB 0x0000000082d00000| Untracked 
|  46|0x0000000082e00000, 0x0000000082e00000, 0x0000000082f00000|  0%| F|  |TAMS 0x0000000082e00000| PB 0x0000000082e00000| Untracked 
|  47|0x0000000082f00000, 0x0000000082f00000, 0x0000000083000000|  0%| F|  |TAMS 0x0000000082f00000| PB 0x0000000082f00000| Untracked 
|  48|0x0000000083000000, 0x0000000083000000, 0x0000000083100000|  0%| F|  |TAMS 0x0000000083000000| PB 0x0000000083000000| Untracked 
|  49|0x0000000083100000, 0x0000000083100000, 0x0000000083200000|  0%| F|  |TAMS 0x0000000083100000| PB 0x0000000083100000| Untracked 
|  50|0x0000000083200000, 0x0000000083200000, 0x0000000083300000|  0%| F|  |TAMS 0x0000000083200000| PB 0x0000000083200000| Untracked 
|  51|0x0000000083300000, 0x0000000083300000, 0x0000000083400000|  0%| F|  |TAMS 0x0000000083300000| PB 0x0000000083300000| Untracked 
|  52|0x0000000083400000, 0x0000000083400000, 0x0000000083500000|  0%| F|  |TAMS 0x0000000083400000| PB 0x0000000083400000| Untracked 
|  53|0x0000000083500000, 0x0000000083500000, 0x0000000083600000|  0%| F|  |TAMS 0x0000000083500000| PB 0x0000000083500000| Untracked 
|  54|0x0000000083600000, 0x0000000083600000, 0x0000000083700000|  0%| F|  |TAMS 0x0000000083600000| PB 0x0000000083600000| Untracked 
|  55|0x0000000083700000, 0x0000000083700000, 0x0000000083800000|  0%| F|  |TAMS 0x0000000083700000| PB 0x0000000083700000| Untracked 
|  56|0x0000000083800000, 0x0000000083800000, 0x0000000083900000|  0%| F|  |TAMS 0x0000000083800000| PB 0x0000000083800000| Untracked 
|  57|0x0000000083900000, 0x0000000083900000, 0x0000000083a00000|  0%| F|  |TAMS 0x0000000083900000| PB 0x0000000083900000| Untracked 
|  58|0x0000000083a00000, 0x0000000083a00000, 0x0000000083b00000|  0%| F|  |TAMS 0x0000000083a00000| PB 0x0000000083a00000| Untracked 
|  59|0x0000000083b00000, 0x0000000083b00000, 0x0000000083c00000|  0%| F|  |TAMS 0x0000000083b00000| PB 0x0000000083b00000| Untracked 
|  60|0x0000000083c00000, 0x0000000083c00000, 0x0000000083d00000|  0%| F|  |TAMS 0x0000000083c00000| PB 0x0000000083c00000| Untracked 
|  61|0x0000000083d00000, 0x0000000083d00000, 0x0000000083e00000|  0%| F|  |TAMS 0x0000000083d00000| PB 0x0000000083d00000| Untracked 
|  62|0x0000000083e00000, 0x0000000083e00000, 0x0000000083f00000|  0%| F|  |TAMS 0x0000000083e00000| PB 0x0000000083e00000| Untracked 
|  63|0x0000000083f00000, 0x0000000083f00000, 0x0000000084000000|  0%| F|  |TAMS 0x0000000083f00000| PB 0x0000000083f00000| Untracked 
|  64|0x0000000084000000, 0x0000000084000000, 0x0000000084100000|  0%| F|  |TAMS 0x0000000084000000| PB 0x0000000084000000| Untracked 
|  65|0x0000000084100000, 0x0000000084100000, 0x0000000084200000|  0%| F|  |TAMS 0x0000000084100000| PB 0x0000000084100000| Untracked 
|  66|0x0000000084200000, 0x0000000084200000, 0x0000000084300000|  0%| F|  |TAMS 0x0000000084200000| PB 0x0000000084200000| Untracked 
|  67|0x0000000084300000, 0x0000000084300000, 0x0000000084400000|  0%| F|  |TAMS 0x0000000084300000| PB 0x0000000084300000| Untracked 
|  68|0x0000000084400000, 0x0000000084400000, 0x0000000084500000|  0%| F|  |TAMS 0x0000000084400000| PB 0x0000000084400000| Untracked 
|  69|0x0000000084500000, 0x0000000084500000, 0x0000000084600000|  0%| F|  |TAMS 0x0000000084500000| PB 0x0000000084500000| Untracked 
|  70|0x0000000084600000, 0x0000000084600000, 0x0000000084700000|  0%| F|  |TAMS 0x0000000084600000| PB 0x0000000084600000| Untracked 
|  71|0x0000000084700000, 0x0000000084700000, 0x0000000084800000|  0%| F|  |TAMS 0x0000000084700000| PB 0x0000000084700000| Untracked 
|  72|0x0000000084800000, 0x0000000084800000, 0x0000000084900000|  0%| F|  |TAMS 0x0000000084800000| PB 0x0000000084800000| Untracked 
|  73|0x0000000084900000, 0x0000000084900000, 0x0000000084a00000|  0%| F|  |TAMS 0x0000000084900000| PB 0x0000000084900000| Untracked 
|  74|0x0000000084a00000, 0x0000000084a00000, 0x0000000084b00000|  0%| F|  |TAMS 0x0000000084a00000| PB 0x0000000084a00000| Untracked 
|  75|0x0000000084b00000, 0x0000000084b00000, 0x0000000084c00000|  0%| F|  |TAMS 0x0000000084b00000| PB 0x0000000084b00000| Untracked 
|  76|0x0000000084c00000, 0x0000000084c00000, 0x0000000084d00000|  0%| F|  |TAMS 0x0000000084c00000| PB 0x0000000084c00000| Untracked 
|  77|0x0000000084d00000, 0x0000000084d00000, 0x0000000084e00000|  0%| F|  |TAMS 0x0000000084d00000| PB 0x0000000084d00000| Untracked 
|  78|0x0000000084e00000, 0x0000000084e00000, 0x0000000084f00000|  0%| F|  |TAMS 0x0000000084e00000| PB 0x0000000084e00000| Untracked 
|  79|0x0000000084f00000, 0x0000000084f00000, 0x0000000085000000|  0%| F|  |TAMS 0x0000000084f00000| PB 0x0000000084f00000| Untracked 
|  80|0x0000000085000000, 0x0000000085000000, 0x0000000085100000|  0%| F|  |TAMS 0x0000000085000000| PB 0x0000000085000000| Untracked 
|  81|0x0000000085100000, 0x0000000085100000, 0x0000000085200000|  0%| F|  |TAMS 0x0000000085100000| PB 0x0000000085100000| Untracked 
|  82|0x0000000085200000, 0x0000000085200000, 0x0000000085300000|  0%| F|  |TAMS 0x0000000085200000| PB 0x0000000085200000| Untracked 
|  83|0x0000000085300000, 0x0000000085300000, 0x0000000085400000|  0%| F|  |TAMS 0x0000000085300000| PB 0x0000000085300000| Untracked 
|  84|0x0000000085400000, 0x0000000085400000, 0x0000000085500000|  0%| F|  |TAMS 0x0000000085400000| PB 0x0000000085400000| Untracked 
|  85|0x0000000085500000, 0x0000000085500000, 0x0000000085600000|  0%| F|  |TAMS 0x0000000085500000| PB 0x0000000085500000| Untracked 
|  86|0x0000000085600000, 0x0000000085600000, 0x0000000085700000|  0%| F|  |TAMS 0x0000000085600000| PB 0x0000000085600000| Untracked 
|  87|0x0000000085700000, 0x0000000085700000, 0x0000000085800000|  0%| F|  |TAMS 0x0000000085700000| PB 0x0000000085700000| Untracked 
|  88|0x0000000085800000, 0x0000000085800000, 0x0000000085900000|  0%| F|  |TAMS 0x0000000085800000| PB 0x0000000085800000| Untracked 
|  89|0x0000000085900000, 0x0000000085900000, 0x0000000085a00000|  0%| F|  |TAMS 0x0000000085900000| PB 0x0000000085900000| Untracked 
|  90|0x0000000085a00000, 0x0000000085a00000, 0x0000000085b00000|  0%| F|  |TAMS 0x0000000085a00000| PB 0x0000000085a00000| Untracked 
|  91|0x0000000085b00000, 0x0000000085b00000, 0x0000000085c00000|  0%| F|  |TAMS 0x0000000085b00000| PB 0x0000000085b00000| Untracked 
|  92|0x0000000085c00000, 0x0000000085c00000, 0x0000000085d00000|  0%| F|  |TAMS 0x0000000085c00000| PB 0x0000000085c00000| Untracked 
|  93|0x0000000085d00000, 0x0000000085d00000, 0x0000000085e00000|  0%| F|  |TAMS 0x0000000085d00000| PB 0x0000000085d00000| Untracked 
|  94|0x0000000085e00000, 0x0000000085e00000, 0x0000000085f00000|  0%| F|  |TAMS 0x0000000085e00000| PB 0x0000000085e00000| Untracked 
|  95|0x0000000085f00000, 0x0000000085f00000, 0x0000000086000000|  0%| F|  |TAMS 0x0000000085f00000| PB 0x0000000085f00000| Untracked 
|  96|0x0000000086000000, 0x0000000086000000, 0x0000000086100000|  0%| F|  |TAMS 0x0000000086000000| PB 0x0000000086000000| Untracked 
|  97|0x0000000086100000, 0x0000000086100000, 0x0000000086200000|  0%| F|  |TAMS 0x0000000086100000| PB 0x0000000086100000| Untracked 
|  98|0x0000000086200000, 0x000000008625ca68, 0x0000000086300000| 36%| E|  |TAMS 0x0000000086200000| PB 0x0000000086200000| Complete 
|  99|0x0000000086300000, 0x0000000086400000, 0x0000000086400000|100%| E|  |TAMS 0x0000000086300000| PB 0x0000000086300000| Complete 
| 100|0x0000000086400000, 0x0000000086500000, 0x0000000086500000|100%| E|CS|TAMS 0x0000000086400000| PB 0x0000000086400000| Complete 
| 101|0x0000000086500000, 0x0000000086600000, 0x0000000086600000|100%| E|CS|TAMS 0x0000000086500000| PB 0x0000000086500000| Complete 
| 102|0x0000000086600000, 0x0000000086700000, 0x0000000086700000|100%| S|CS|TAMS 0x0000000086600000| PB 0x0000000086600000| Complete 
| 103|0x0000000086700000, 0x0000000086800000, 0x0000000086800000|100%| S|CS|TAMS 0x0000000086700000| PB 0x0000000086700000| Complete 
| 104|0x0000000086800000, 0x0000000086900000, 0x0000000086900000|100%| S|CS|TAMS 0x0000000086800000| PB 0x0000000086800000| Complete 
| 105|0x0000000086900000, 0x0000000086a00000, 0x0000000086a00000|100%| E|CS|TAMS 0x0000000086900000| PB 0x0000000086900000| Complete 
| 106|0x0000000086a00000, 0x0000000086b00000, 0x0000000086b00000|100%| E|CS|TAMS 0x0000000086a00000| PB 0x0000000086a00000| Complete 
| 107|0x0000000086b00000, 0x0000000086c00000, 0x0000000086c00000|100%| E|CS|TAMS 0x0000000086b00000| PB 0x0000000086b00000| Complete 
| 108|0x0000000086c00000, 0x0000000086d00000, 0x0000000086d00000|100%| E|CS|TAMS 0x0000000086c00000| PB 0x0000000086c00000| Complete 
| 109|0x0000000086d00000, 0x0000000086e00000, 0x0000000086e00000|100%| E|CS|TAMS 0x0000000086d00000| PB 0x0000000086d00000| Complete 
| 110|0x0000000086e00000, 0x0000000086f00000, 0x0000000086f00000|100%| E|CS|TAMS 0x0000000086e00000| PB 0x0000000086e00000| Complete 
| 111|0x0000000086f00000, 0x0000000087000000, 0x0000000087000000|100%| E|CS|TAMS 0x0000000086f00000| PB 0x0000000086f00000| Complete 
| 112|0x0000000087000000, 0x0000000087100000, 0x0000000087100000|100%| E|CS|TAMS 0x0000000087000000| PB 0x0000000087000000| Complete 
| 113|0x0000000087100000, 0x0000000087200000, 0x0000000087200000|100%| E|CS|TAMS 0x0000000087100000| PB 0x0000000087100000| Complete 
| 114|0x0000000087200000, 0x0000000087300000, 0x0000000087300000|100%| E|CS|TAMS 0x0000000087200000| PB 0x0000000087200000| Complete 
| 115|0x0000000087300000, 0x0000000087400000, 0x0000000087400000|100%| E|CS|TAMS 0x0000000087300000| PB 0x0000000087300000| Complete 
| 116|0x0000000087400000, 0x0000000087500000, 0x0000000087500000|100%| E|CS|TAMS 0x0000000087400000| PB 0x0000000087400000| Complete 
| 117|0x0000000087500000, 0x0000000087600000, 0x0000000087600000|100%| E|CS|TAMS 0x0000000087500000| PB 0x0000000087500000| Complete 
| 118|0x0000000087600000, 0x0000000087700000, 0x0000000087700000|100%| E|CS|TAMS 0x0000000087600000| PB 0x0000000087600000| Complete 
| 119|0x0000000087700000, 0x0000000087800000, 0x0000000087800000|100%| E|CS|TAMS 0x0000000087700000| PB 0x0000000087700000| Complete 
| 120|0x0000000087800000, 0x0000000087900000, 0x0000000087900000|100%| E|CS|TAMS 0x0000000087800000| PB 0x0000000087800000| Complete 
| 121|0x0000000087900000, 0x0000000087a00000, 0x0000000087a00000|100%| E|CS|TAMS 0x0000000087900000| PB 0x0000000087900000| Complete 
| 122|0x0000000087a00000, 0x0000000087b00000, 0x0000000087b00000|100%| E|CS|TAMS 0x0000000087a00000| PB 0x0000000087a00000| Complete 
| 123|0x0000000087b00000, 0x0000000087c00000, 0x0000000087c00000|100%| E|CS|TAMS 0x0000000087b00000| PB 0x0000000087b00000| Complete 
| 124|0x0000000087c00000, 0x0000000087d00000, 0x0000000087d00000|100%| E|CS|TAMS 0x0000000087c00000| PB 0x0000000087c00000| Complete 
| 125|0x0000000087d00000, 0x0000000087e00000, 0x0000000087e00000|100%| E|CS|TAMS 0x0000000087d00000| PB 0x0000000087d00000| Complete 
| 126|0x0000000087e00000, 0x0000000087f00000, 0x0000000087f00000|100%| E|CS|TAMS 0x0000000087e00000| PB 0x0000000087e00000| Complete 
| 127|0x0000000087f00000, 0x0000000088000000, 0x0000000088000000|100%| E|CS|TAMS 0x0000000087f00000| PB 0x0000000087f00000| Complete 

Card table byte_map: [0x00000238f7f90000,0x00000238f8390000] _byte_map_base: 0x00000238f7b90000

Marking Bits: (CMBitMap*) 0x00000238e29e95e0
 Bits: [0x00000238f8390000, 0x00000238fa390000)

Polling page: 0x00000238e2a60000

Metaspace:

Usage:
  Non-class:     16.03 MB used.
      Class:      2.07 MB used.
       Both:     18.10 MB used.

Virtual space:
  Non-class space:       64.00 MB reserved,      16.25 MB ( 25%) committed,  1 nodes.
      Class space:        1.00 GB reserved,       2.31 MB ( <1%) committed,  1 nodes.
             Both:        1.06 GB reserved,      18.56 MB (  2%) committed. 

Chunk freelists:
   Non-Class:  15.55 MB
       Class:  13.67 MB
        Both:  29.22 MB

MaxMetaspaceSize: unlimited
CompressedClassSpaceSize: 1.00 GB
Initial GC threshold: 21.00 MB
Current GC threshold: 21.00 MB
CDS: on
 - commit_granule_bytes: 65536.
 - commit_granule_words: 8192.
 - virtual_space_node_default_size: 8388608.
 - enlarge_chunks_in_place: 1.
 - use_allocation_guard: 0.


Internal statistics:

num_allocs_failed_limit: 0.
num_arena_births: 562.
num_arena_deaths: 0.
num_vsnodes_births: 2.
num_vsnodes_deaths: 0.
num_space_committed: 297.
num_space_uncommitted: 0.
num_chunks_returned_to_freelist: 0.
num_chunks_taken_from_freelist: 1098.
num_chunk_merges: 0.
num_chunk_splits: 715.
num_chunks_enlarged: 406.
num_inconsistent_stats: 0.

CodeHeap 'non-profiled nmethods': size=120000Kb used=914Kb max_used=914Kb free=119085Kb
 bounds [0x00000238efc00000, 0x00000238efe70000, 0x00000238f7130000]
CodeHeap 'profiled nmethods': size=120000Kb used=4414Kb max_used=4414Kb free=115585Kb
 bounds [0x00000238e8130000, 0x00000238e8580000, 0x00000238ef660000]
CodeHeap 'non-nmethods': size=5760Kb used=1666Kb max_used=1690Kb free=4093Kb
 bounds [0x00000238ef660000, 0x00000238ef8d0000, 0x00000238efc00000]
 total_blobs=2978 nmethods=2402 adapters=480
 compilation: enabled
              stopped_count=0, restarted_count=0
 full_count=0

Compilation events (20 events):
Event: 3.535 Thread 0x00000238fce5a650 2350       3       java.io.ObjectInputStream$BlockDataInputStream::peekByte (20 bytes)
Event: 3.535 Thread 0x00000238fce5a650 nmethod 2350 0x00000238e8561690 code [0x00000238e8561860, 0x00000238e8561a70]
Event: 3.566 Thread 0x00000238fce5a650 2351       3       sun.net.www.protocol.file.Handler::hostsEqual (65 bytes)
Event: 3.567 Thread 0x00000238fce5a650 nmethod 2351 0x00000238e8561b90 code [0x00000238e8561da0, 0x00000238e85622e0]
Event: 3.567 Thread 0x00000238fce5a650 2352       3       java.net.URLStreamHandler::hostsEqual (75 bytes)
Event: 3.567 Thread 0x00000238fce5a650 nmethod 2352 0x00000238e8562510 code [0x00000238e8562720, 0x00000238e8562da0]
Event: 3.572 Thread 0x00000238fce4f510 2353       4       java.lang.ClassLoader::checkName (37 bytes)
Event: 3.575 Thread 0x00000238fce4f510 nmethod 2353 0x00000238efcde290 code [0x00000238efcde440, 0x00000238efcde6a8]
Event: 3.576 Thread 0x00000238fdd946a0 2354       4       java.lang.StringLatin1::indexOf (121 bytes)
Event: 3.578 Thread 0x00000238fce5a650 2355       3       jdk.internal.misc.Unsafe::checkOffset (32 bytes)
Event: 3.578 Thread 0x00000238fce5a650 nmethod 2355 0x00000238e8563010 code [0x00000238e85631c0, 0x00000238e8563430]
Event: 3.586 Thread 0x00000238fdd946a0 nmethod 2354 0x00000238efcde910 code [0x00000238efcdeac0, 0x00000238efcdefd0]
Event: 3.603 Thread 0x00000238fdd946a0 2356   !   4       java.util.jar.JarFile::checkForSpecialAttributes (163 bytes)
Event: 3.606 Thread 0x00000238fdd946a0 nmethod 2356 0x00000238efcdf210 code [0x00000238efcdf400, 0x00000238efcdf988]
Event: 3.621 Thread 0x00000238fce5a650 2357       3       java.util.regex.Pattern::skip (23 bytes)
Event: 3.621 Thread 0x00000238fce5a650 nmethod 2357 0x00000238e8563510 code [0x00000238e85636c0, 0x00000238e8563808]
Event: 3.656 Thread 0x00000238fce5a650 2358       3       java.util.regex.Pattern::sequence (647 bytes)
Event: 3.661 Thread 0x00000238fce5a650 nmethod 2358 0x00000238e8563910 code [0x00000238e8563f40, 0x00000238e8566fd0]
Event: 3.661 Thread 0x00000238fce5a650 2359       3       java.util.regex.Pattern::read (33 bytes)
Event: 3.661 Thread 0x00000238fce5a650 nmethod 2359 0x00000238e8567e90 code [0x00000238e8568040, 0x00000238e85682a0]

GC Heap History (2 events):
Event: 1.943 GC heap before
{Heap before GC invocations=0 (full 0):
 garbage-first heap   total 131072K, used 26624K [0x0000000080000000, 0x0000000100000000)
  region size 1024K, 23 young (23552K), 0 survivors (0K)
 Metaspace       used 8526K, committed 8832K, reserved 1114112K
  class space    used 986K, committed 1152K, reserved 1048576K
}
Event: 1.956 GC heap after
{Heap after GC invocations=1 (full 0):
 garbage-first heap   total 131072K, used 9408K [0x0000000080000000, 0x0000000100000000)
  region size 1024K, 3 young (3072K), 3 survivors (3072K)
 Metaspace       used 8526K, committed 8832K, reserved 1114112K
  class space    used 986K, committed 1152K, reserved 1048576K
}

Dll operation events (2 events):
Event: 0.037 Loaded shared library D:\Program Files\IntelliJ\IntelliJ IDEA 2024.3\jbr\bin\java.dll
Event: 0.113 Loaded shared library D:\Program Files\IntelliJ\IntelliJ IDEA 2024.3\jbr\bin\zip.dll

Deoptimization events (20 events):
Event: 3.283 Thread 0x00000238fdcead40 Uncommon trap: trap_request=0xffffffde fr.pc=0x00000238efcccfcc relative=0x000000000000012c
Event: 3.283 Thread 0x00000238fdcead40 Uncommon trap: reason=class_check action=maybe_recompile pc=0x00000238efcccfcc method=jdk.internal.misc.Unsafe.allocateUninitializedArray(Ljava/lang/Class;I)Ljava/lang/Object; @ 51 c2
Event: 3.283 Thread 0x00000238fdcead40 DEOPT PACKING pc=0x00000238efcccfcc sp=0x000000f3bd0fde20
Event: 3.283 Thread 0x00000238fdcead40 DEOPT UNPACKING pc=0x00000238ef6b7da2 sp=0x000000f3bd0fdd98 mode 2
Event: 3.297 Thread 0x00000238fdcead40 Uncommon trap: trap_request=0xffffffde fr.pc=0x00000238efcbc0f4 relative=0x00000000000003f4
Event: 3.297 Thread 0x00000238fdcead40 Uncommon trap: reason=class_check action=maybe_recompile pc=0x00000238efcbc0f4 method=sun.security.provider.DigestBase.engineDigest([BII)I @ 97 c2
Event: 3.297 Thread 0x00000238fdcead40 DEOPT PACKING pc=0x00000238efcbc0f4 sp=0x000000f3bd0fe110
Event: 3.297 Thread 0x00000238fdcead40 DEOPT UNPACKING pc=0x00000238ef6b7da2 sp=0x000000f3bd0fe0c0 mode 2
Event: 3.297 Thread 0x00000238fdcead40 Uncommon trap: trap_request=0xffffffde fr.pc=0x00000238efcbc0f4 relative=0x00000000000003f4
Event: 3.297 Thread 0x00000238fdcead40 Uncommon trap: reason=class_check action=maybe_recompile pc=0x00000238efcbc0f4 method=sun.security.provider.DigestBase.engineDigest([BII)I @ 97 c2
Event: 3.297 Thread 0x00000238fdcead40 DEOPT PACKING pc=0x00000238efcbc0f4 sp=0x000000f3bd0fe1a0
Event: 3.297 Thread 0x00000238fdcead40 DEOPT UNPACKING pc=0x00000238ef6b7da2 sp=0x000000f3bd0fe150 mode 2
Event: 3.312 Thread 0x00000238fdcead40 DEOPT PACKING pc=0x00000238e8387acd sp=0x000000f3bd0fe150
Event: 3.312 Thread 0x00000238fdcead40 DEOPT UNPACKING pc=0x00000238ef6b88e2 sp=0x000000f3bd0fd600 mode 0
Event: 3.413 Thread 0x00000238fdcead40 Uncommon trap: trap_request=0xffffff45 fr.pc=0x00000238efc936c8 relative=0x0000000000002188
Event: 3.413 Thread 0x00000238fdcead40 Uncommon trap: reason=unstable_if action=reinterpret pc=0x00000238efc936c8 method=jdk.internal.org.objectweb.asm.Frame.execute(IILjdk/internal/org/objectweb/asm/Symbol;Ljdk/internal/org/objectweb/asm/SymbolTable;)V @ 1 c2
Event: 3.413 Thread 0x00000238fdcead40 DEOPT PACKING pc=0x00000238efc936c8 sp=0x000000f3bd0fddd0
Event: 3.413 Thread 0x00000238fdcead40 DEOPT UNPACKING pc=0x00000238ef6b7da2 sp=0x000000f3bd0fdd60 mode 2
Event: 3.576 Thread 0x00000238fdcead40 DEOPT PACKING pc=0x00000238e81b8ec5 sp=0x000000f3bd0f9bd0
Event: 3.576 Thread 0x00000238fdcead40 DEOPT UNPACKING pc=0x00000238ef6b88e2 sp=0x000000f3bd0f9020 mode 0

Classes loaded (20 events):
Event: 3.330 Loading class java/util/concurrent/atomic/AtomicReferenceFieldUpdater done
Event: 3.330 Loading class java/util/concurrent/atomic/AtomicReferenceFieldUpdater$AtomicReferenceFieldUpdaterImpl
Event: 3.331 Loading class java/util/concurrent/atomic/AtomicReferenceFieldUpdater$AtomicReferenceFieldUpdaterImpl done
Event: 3.331 Loading class java/util/concurrent/atomic/AtomicReferenceFieldUpdater$AtomicReferenceFieldUpdaterImpl$1
Event: 3.331 Loading class java/util/concurrent/atomic/AtomicReferenceFieldUpdater$AtomicReferenceFieldUpdaterImpl$1 done
Event: 3.332 Loading class java/lang/StackTraceElement$HashedModules
Event: 3.332 Loading class java/lang/StackTraceElement$HashedModules done
Event: 3.334 Loading class java/lang/Throwable$PrintStreamOrWriter
Event: 3.334 Loading class java/lang/Throwable$PrintStreamOrWriter done
Event: 3.338 Loading class java/nio/charset/CharacterCodingException
Event: 3.338 Loading class java/nio/charset/CharacterCodingException done
Event: 3.342 Loading class java/util/function/UnaryOperator
Event: 3.342 Loading class java/util/function/UnaryOperator done
Event: 3.507 Loading class sun/invoke/util/ValueConversions$1
Event: 3.508 Loading class sun/invoke/util/ValueConversions$1 done
Event: 3.508 Loading class java/lang/invoke/BoundMethodHandle$Species_LI
Event: 3.508 Loading class java/lang/invoke/BoundMethodHandle$Species_LI done
Event: 3.522 Loading class java/util/AbstractList$ListItr
Event: 3.522 Loading class java/util/AbstractList$ListItr done
Event: 3.662 Loading class java/util/zip/ZipInputStream

Classes unloaded (0 events):
No events

Classes redefined (0 events):
No events

Internal exceptions (20 events):
Event: 2.609 Thread 0x00000238fdcead40 Exception <a 'java/lang/NoClassDefFoundError'{0x00000000876535d0}: oracle/dms/console/DMSConsole> (0x00000000876535d0) 
thrown [s\src\hotspot\share\classfile\systemDictionary.cpp, line 301]
Event: 2.639 Thread 0x00000238fdcead40 Exception <a 'java/lang/NoSuchMethodError'{0x0000000087517e38}: 'int java.lang.invoke.DirectMethodHandle$Holder.invokeStaticInit(java.lang.Object, java.lang.Object)'> (0x0000000087517e38) 
thrown [s\src\hotspot\share\interpreter\linkResolver.cpp, line 784]
Event: 2.641 Thread 0x00000238fdcead40 Exception <a 'java/lang/NoSuchMethodError'{0x000000008751da20}: 'int java.lang.invoke.DirectMethodHandle$Holder.invokeSpecialIFC(java.lang.Object, java.lang.Object, java.lang.Object, java.lang.Object)'> (0x000000008751da20) 
thrown [s\src\hotspot\share\interpreter\linkResolver.cpp, line 784]
Event: 2.731 Thread 0x00000238fdcead40 Exception <a 'java/lang/NoSuchMethodError'{0x000000008748b028}: 'int java.lang.invoke.DirectMethodHandle$Holder.invokeSpecialIFC(java.lang.Object, java.lang.Object, java.lang.Object)'> (0x000000008748b028) 
thrown [s\src\hotspot\share\interpreter\linkResolver.cpp, line 784]
Event: 2.753 Thread 0x00000238fdcead40 Exception <a 'java/lang/NoSuchMethodError'{0x000000008731f968}: 'java.lang.Object java.lang.invoke.DirectMethodHandle$Holder.invokeVirtual(java.lang.Object, java.lang.Object, int)'> (0x000000008731f968) 
thrown [s\src\hotspot\share\interpreter\linkResolver.cpp, line 784]
Event: 3.122 Thread 0x00000238fdcead40 Implicit null exception at 0x00000238efcb7a21 to 0x00000238efcb859c
Event: 3.134 Thread 0x00000238fdcead40 Exception <a 'java/lang/NoSuchMethodError'{0x0000000086f83ab0}: 'void java.lang.invoke.DirectMethodHandle$Holder.invokeVirtual(java.lang.Object, java.lang.Object)'> (0x0000000086f83ab0) 
thrown [s\src\hotspot\share\interpreter\linkResolver.cpp, line 784]
Event: 3.214 Thread 0x00000238fdcead40 Exception <a 'java/lang/NoSuchMethodError'{0x0000000086d15aa0}: 'void java.lang.invoke.DelegatingMethodHandle$Holder.reinvoke_L(java.lang.Object, java.lang.Object, int)'> (0x0000000086d15aa0) 
thrown [s\src\hotspot\share\interpreter\linkResolver.cpp, line 784]
Event: 3.217 Thread 0x00000238fdcead40 Exception <a 'java/lang/NoSuchMethodError'{0x0000000086d1c650}: 'int java.lang.invoke.Invokers$Holder.invokeExact_MT(java.lang.Object, java.lang.Object, java.lang.Object)'> (0x0000000086d1c650) 
thrown [s\src\hotspot\share\interpreter\linkResolver.cpp, line 784]
Event: 3.265 Thread 0x00000238fdcead40 Exception <a 'java/lang/NoSuchMethodError'{0x0000000086d8f408}: 'void java.lang.invoke.DelegatingMethodHandle$Holder.reinvoke_L(java.lang.Object, java.lang.Object, long)'> (0x0000000086d8f408) 
thrown [s\src\hotspot\share\interpreter\linkResolver.cpp, line 784]
Event: 3.266 Thread 0x00000238fdcead40 Exception <a 'java/lang/NoSuchMethodError'{0x0000000086d95db8}: 'long java.lang.invoke.Invokers$Holder.invokeExact_MT(java.lang.Object, java.lang.Object, java.lang.Object)'> (0x0000000086d95db8) 
thrown [s\src\hotspot\share\interpreter\linkResolver.cpp, line 784]
Event: 3.328 Thread 0x00000238fdcead40 Exception <a 'java/lang/NoSuchMethodError'{0x0000000086ca5db0}: 'java.lang.Object java.lang.invoke.DirectMethodHandle$Holder.invokeInterface(java.lang.Object, java.lang.Object, java.lang.Object)'> (0x0000000086ca5db0) 
thrown [s\src\hotspot\share\interpreter\linkResolver.cpp, line 784]
Event: 3.339 Thread 0x00000238fdcead40 Exception <a 'java/lang/NoSuchMethodError'{0x0000000086cdd790}: static [Ljava/lang/StackTraceElement;.<clinit>()V> (0x0000000086cdd790) 
thrown [s\src\hotspot\share\prims\jni.cpp, line 1135]
Event: 3.351 Thread 0x00000238fdcead40 Exception <a 'java/lang/NoSuchMethodError'{0x0000000086cf1368}: 'void java.lang.invoke.DirectMethodHandle$Holder.invokeInterface(java.lang.Object, java.lang.Object, java.lang.Object, java.lang.Object)'> (0x0000000086cf1368) 
thrown [s\src\hotspot\share\interpreter\linkResolver.cpp, line 784]
Event: 3.352 Thread 0x00000238fdcead40 Exception <a 'java/lang/NoSuchMethodError'{0x0000000086cf5468}: 'void java.lang.invoke.DirectMethodHandle$Holder.invokeSpecial(java.lang.Object, java.lang.Object, java.lang.Object, java.lang.Object, java.lang.Object)'> (0x0000000086cf5468) 
thrown [s\src\hotspot\share\interpreter\linkResolver.cpp, line 784]
Event: 3.353 Thread 0x00000238fdcead40 Exception <a 'java/lang/NoSuchMethodError'{0x0000000086b039b8}: 'java.lang.Object java.lang.invoke.Invokers$Holder.invokeExact_MT(java.lang.Object, java.lang.Object, java.lang.Object, java.lang.Object, java.lang.Object)'> (0x0000000086b039b8) 
thrown [s\src\hotspot\share\interpreter\linkResolver.cpp, line 784]
Event: 3.507 Thread 0x00000238fdcead40 Exception <a 'java/lang/NoSuchMethodError'{0x0000000086a949a8}: 'int java.lang.invoke.DirectMethodHandle$Holder.invokeInterface(java.lang.Object, java.lang.Object, int)'> (0x0000000086a949a8) 
thrown [s\src\hotspot\share\interpreter\linkResolver.cpp, line 784]
Event: 3.508 Thread 0x00000238fdcead40 Exception <a 'java/lang/NoSuchMethodError'{0x0000000086a98b10}: 'int java.lang.invoke.DirectMethodHandle$Holder.invokeSpecial(java.lang.Object, java.lang.Object, java.lang.Object, int)'> (0x0000000086a98b10) 
thrown [s\src\hotspot\share\interpreter\linkResolver.cpp, line 784]
Event: 3.511 Thread 0x00000238fdcead40 Exception <a 'java/lang/NoSuchMethodError'{0x0000000086aaade0}: 'java.lang.Object java.lang.invoke.DirectMethodHandle$Holder.invokeStatic(java.lang.Object, java.lang.Object, java.lang.Object, java.lang.Object, int)'> (0x0000000086aaade0) 
thrown [s\src\hotspot\share\interpreter\linkResolver.cpp, line 784]
Event: 3.528 Thread 0x00000238fdcead40 Exception <a 'java/lang/NoSuchMethodError'{0x0000000086ae9680}: 'void java.lang.invoke.DirectMethodHandle$Holder.invokeInterface(java.lang.Object, java.lang.Object, int)'> (0x0000000086ae9680) 
thrown [s\src\hotspot\share\interpreter\linkResolver.cpp, line 784]

ZGC Phase Switch (0 events):
No events

VM Operations (20 events):
Event: 1.447 Executing VM operation: HandshakeAllThreads (Deoptimize)
Event: 1.447 Executing VM operation: HandshakeAllThreads (Deoptimize) done
Event: 1.465 Executing VM operation: HandshakeAllThreads (Deoptimize)
Event: 1.465 Executing VM operation: HandshakeAllThreads (Deoptimize) done
Event: 1.685 Executing VM operation: HandshakeAllThreads (Deoptimize)
Event: 1.685 Executing VM operation: HandshakeAllThreads (Deoptimize) done
Event: 1.943 Executing VM operation: G1CollectForAllocation (G1 Evacuation Pause)
Event: 1.957 Executing VM operation: G1CollectForAllocation (G1 Evacuation Pause) done
Event: 2.587 Executing VM operation: HandshakeAllThreads (Deoptimize)
Event: 2.587 Executing VM operation: HandshakeAllThreads (Deoptimize) done
Event: 2.592 Executing VM operation: HandshakeAllThreads (Deoptimize)
Event: 2.592 Executing VM operation: HandshakeAllThreads (Deoptimize) done
Event: 2.597 Executing VM operation: HandshakeAllThreads (Deoptimize)
Event: 2.597 Executing VM operation: HandshakeAllThreads (Deoptimize) done
Event: 2.843 Executing VM operation: HandshakeAllThreads (Deoptimize)
Event: 2.843 Executing VM operation: HandshakeAllThreads (Deoptimize) done
Event: 2.870 Executing VM operation: HandshakeAllThreads (Deoptimize)
Event: 2.870 Executing VM operation: HandshakeAllThreads (Deoptimize) done
Event: 3.331 Executing VM operation: ICBufferFull
Event: 3.331 Executing VM operation: ICBufferFull done

Memory protections (0 events):
No events

Nmethod flushes (0 events):
No events

Events (20 events):
Event: 1.927 Thread 0x00000238e27f3d50 Thread added: 0x00000238fda92640
Event: 1.930 Loaded shared library D:\Program Files\IntelliJ\IntelliJ IDEA 2024.3\jbr\bin\rmi.dll
Event: 1.931 Thread 0x00000238e27f3d50 Thread added: 0x00000238fda92ca0
Event: 2.012 Thread 0x00000238fd74b3f0 Thread added: 0x00000238fd957020
Event: 2.013 Thread 0x00000238fd74b3f0 Thread added: 0x00000238fdcd80a0
Event: 2.092 Thread 0x00000238fd8ea680 Thread added: 0x00000238fdcead40
Event: 2.093 Thread 0x00000238fd8ea680 Thread added: 0x00000238fdcef3b0
Event: 2.095 Thread 0x00000238fd957020 Thread added: 0x00000238fdcf14a0
Event: 2.293 Thread 0x00000238fd469560 Thread exited: 0x00000238fd469560
Event: 2.304 Thread 0x00000238fdcead40 Thread added: 0x00000238fdcf0780
Event: 2.615 Thread 0x00000238fdcead40 Thread added: 0x00000238fdcf2850
Event: 2.708 Thread 0x00000238fdcead40 Thread added: 0x00000238fdcf1b30
Event: 2.850 Loaded shared library D:\Program Files\IntelliJ\IntelliJ IDEA 2024.3\jbr\bin\sunmscapi.dll
Event: 2.879 Thread 0x00000238fce5a650 Thread added: 0x00000238fdbf3fe0
Event: 3.029 Thread 0x00000238fdbf3fe0 Thread exited: 0x00000238fdbf3fe0
Event: 3.036 Thread 0x00000238fce5a650 Thread added: 0x00000238fdbf3fe0
Event: 3.098 Thread 0x00000238fce5a650 Thread added: 0x00000238fdd946a0
Event: 3.161 Thread 0x00000238fdcead40 Thread added: 0x00000238fdcf2ee0
Event: 3.514 Thread 0x00000238fdcead40 Thread added: 0x00000238fdcf21c0
Event: 3.520 Thread 0x00000238fdcf21c0 Thread exited: 0x00000238fdcf21c0


Dynamic libraries:
0x00007ff6c4e20000 - 0x00007ff6c4e2a000 	D:\Program Files\IntelliJ\IntelliJ IDEA 2024.3\jbr\bin\java.exe
0x00007ffc2b4d0000 - 0x00007ffc2b6c8000 	C:\Windows\SYSTEM32\ntdll.dll
0x00007ffc2a2e0000 - 0x00007ffc2a3a2000 	C:\Windows\System32\KERNEL32.DLL
0x00007ffc28c90000 - 0x00007ffc28f8e000 	C:\Windows\System32\KERNELBASE.dll
0x00007ffc29380000 - 0x00007ffc29480000 	C:\Windows\System32\ucrtbase.dll
0x00007ffc230a0000 - 0x00007ffc230bb000 	D:\Program Files\IntelliJ\IntelliJ IDEA 2024.3\jbr\bin\VCRUNTIME140.dll
0x00007ffbf4100000 - 0x00007ffbf4118000 	D:\Program Files\IntelliJ\IntelliJ IDEA 2024.3\jbr\bin\jli.dll
0x00007ffc2a090000 - 0x00007ffc2a22d000 	C:\Windows\System32\USER32.dll
0x00007ffc28fe0000 - 0x00007ffc29002000 	C:\Windows\System32\win32u.dll
0x00007ffc2a530000 - 0x00007ffc2a55b000 	C:\Windows\System32\GDI32.dll
0x00007ffc025a0000 - 0x00007ffc0283a000 	C:\Windows\WinSxS\amd64_microsoft.windows.common-controls_6595b64144ccf1df_6.0.19041.4355_none_60b8b9eb71f62e16\COMCTL32.dll
0x00007ffc2b1c0000 - 0x00007ffc2b25e000 	C:\Windows\System32\msvcrt.dll
0x00007ffc28b70000 - 0x00007ffc28c87000 	C:\Windows\System32\gdi32full.dll
0x00007ffc29230000 - 0x00007ffc292cd000 	C:\Windows\System32\msvcp_win.dll
0x00007ffc2b340000 - 0x00007ffc2b36f000 	C:\Windows\System32\IMM32.DLL
0x00007ffc226c0000 - 0x00007ffc226cc000 	D:\Program Files\IntelliJ\IntelliJ IDEA 2024.3\jbr\bin\vcruntime140_1.dll
0x00007ffbbc550000 - 0x00007ffbbc5dd000 	D:\Program Files\IntelliJ\IntelliJ IDEA 2024.3\jbr\bin\msvcp140.dll
0x00007ffb71800000 - 0x00007ffb725c1000 	D:\Program Files\IntelliJ\IntelliJ IDEA 2024.3\jbr\bin\server\jvm.dll
0x00007ffc29d60000 - 0x00007ffc29e11000 	C:\Windows\System32\ADVAPI32.dll
0x00007ffc2a240000 - 0x00007ffc2a2df000 	C:\Windows\System32\sechost.dll
0x00007ffc2ab40000 - 0x00007ffc2ac63000 	C:\Windows\System32\RPCRT4.dll
0x00007ffc29010000 - 0x00007ffc29037000 	C:\Windows\System32\bcrypt.dll
0x00007ffc2a560000 - 0x00007ffc2a5cb000 	C:\Windows\System32\WS2_32.dll
0x00007ffc284b0000 - 0x00007ffc284fb000 	C:\Windows\SYSTEM32\POWRPROF.dll
0x00007ffc10480000 - 0x00007ffc104a7000 	C:\Windows\SYSTEM32\WINMM.dll
0x00007ffc21770000 - 0x00007ffc2177a000 	C:\Windows\SYSTEM32\VERSION.dll
0x00007ffc28490000 - 0x00007ffc284a2000 	C:\Windows\SYSTEM32\UMPDC.dll
0x00007ffc27350000 - 0x00007ffc27362000 	C:\Windows\SYSTEM32\kernel.appcore.dll
0x00007ffc226b0000 - 0x00007ffc226ba000 	D:\Program Files\IntelliJ\IntelliJ IDEA 2024.3\jbr\bin\jimage.dll
0x00007ffc266e0000 - 0x00007ffc268c4000 	C:\Windows\SYSTEM32\DBGHELP.DLL
0x00007ffc01910000 - 0x00007ffc01944000 	C:\Windows\SYSTEM32\dbgcore.DLL
0x00007ffc291a0000 - 0x00007ffc29222000 	C:\Windows\System32\bcryptPrimitives.dll
0x00007ffc19250000 - 0x00007ffc19270000 	D:\Program Files\IntelliJ\IntelliJ IDEA 2024.3\jbr\bin\java.dll
0x00007ffc29590000 - 0x00007ffc29cfd000 	C:\Windows\System32\SHELL32.dll
0x00007ffc26b90000 - 0x00007ffc27334000 	C:\Windows\SYSTEM32\windows.storage.dll
0x00007ffc2a5d0000 - 0x00007ffc2a923000 	C:\Windows\System32\combase.dll
0x00007ffc28450000 - 0x00007ffc2847e000 	C:\Windows\SYSTEM32\Wldp.dll
0x00007ffc2a460000 - 0x00007ffc2a52d000 	C:\Windows\System32\OLEAUT32.dll
0x00007ffc29fe0000 - 0x00007ffc2a08d000 	C:\Windows\System32\SHCORE.dll
0x00007ffc2b280000 - 0x00007ffc2b2d5000 	C:\Windows\System32\shlwapi.dll
0x00007ffc28aa0000 - 0x00007ffc28ac4000 	C:\Windows\SYSTEM32\profapi.dll
0x00007ffc09270000 - 0x00007ffc09288000 	D:\Program Files\IntelliJ\IntelliJ IDEA 2024.3\jbr\bin\zip.dll
0x00007ffc226a0000 - 0x00007ffc226b0000 	D:\Program Files\IntelliJ\IntelliJ IDEA 2024.3\jbr\bin\net.dll
0x00007ffc24ee0000 - 0x00007ffc24fed000 	C:\Windows\SYSTEM32\WINHTTP.dll
0x00007ffc28230000 - 0x00007ffc2829a000 	C:\Windows\system32\mswsock.dll
0x00007ffc07320000 - 0x00007ffc07336000 	D:\Program Files\IntelliJ\IntelliJ IDEA 2024.3\jbr\bin\nio.dll
0x00007ffc07210000 - 0x00007ffc07219000 	D:\Program Files\IntelliJ\IntelliJ IDEA 2024.3\jbr\bin\management.dll
0x00007ffc06910000 - 0x00007ffc0691b000 	D:\Program Files\IntelliJ\IntelliJ IDEA 2024.3\jbr\bin\management_ext.dll
0x00007ffc29e20000 - 0x00007ffc29e28000 	C:\Windows\System32\PSAPI.DLL
0x00007ffc27f30000 - 0x00007ffc27f6b000 	C:\Windows\SYSTEM32\IPHLPAPI.DLL
0x00007ffc2a230000 - 0x00007ffc2a238000 	C:\Windows\System32\NSI.dll
0x00007ffc28500000 - 0x00007ffc28518000 	C:\Windows\SYSTEM32\CRYPTSP.dll
0x00007ffc27b10000 - 0x00007ffc27b44000 	C:\Windows\system32\rsaenh.dll
0x00007ffc28a20000 - 0x00007ffc28a4e000 	C:\Windows\SYSTEM32\USERENV.dll
0x00007ffc283c0000 - 0x00007ffc283cc000 	C:\Windows\SYSTEM32\CRYPTBASE.dll
0x00007ffc07220000 - 0x00007ffc07229000 	D:\Program Files\IntelliJ\IntelliJ IDEA 2024.3\jbr\bin\extnet.dll
0x00007ffc19340000 - 0x00007ffc19347000 	D:\Program Files\IntelliJ\IntelliJ IDEA 2024.3\jbr\bin\rmi.dll
0x00007ffc27f70000 - 0x00007ffc2803a000 	C:\Windows\SYSTEM32\DNSAPI.dll
0x00007ffc21760000 - 0x00007ffc2176a000 	C:\Windows\System32\rasadhlp.dll
0x00007ffc1eab0000 - 0x00007ffc1eb30000 	C:\Windows\System32\fwpuclnt.dll
0x00007ffc07310000 - 0x00007ffc0731e000 	D:\Program Files\IntelliJ\IntelliJ IDEA 2024.3\jbr\bin\sunmscapi.dll
0x00007ffc29040000 - 0x00007ffc2919c000 	C:\Windows\System32\CRYPT32.dll
0x00007ffc28610000 - 0x00007ffc28637000 	C:\Windows\SYSTEM32\ncrypt.dll
0x00007ffc285d0000 - 0x00007ffc2860b000 	C:\Windows\SYSTEM32\NTASN1.dll
0x00007ffbfc6f0000 - 0x00007ffbfc707000 	C:\Windows\system32\napinsp.dll
0x00007ffbfc230000 - 0x00007ffbfc24b000 	C:\Windows\system32\pnrpnsp.dll
0x00007ffc25030000 - 0x00007ffc25045000 	C:\Windows\system32\wshbth.dll
0x00007ffc25000000 - 0x00007ffc2501d000 	C:\Windows\system32\NLAapi.dll
0x00007ffbfc070000 - 0x00007ffbfc082000 	C:\Windows\System32\winrnr.dll

dbghelp: loaded successfully - version: 4.0.5 - missing functions: none
symbol engine: initialized successfully - sym options: 0x614 - pdb path: .;D:\Program Files\IntelliJ\IntelliJ IDEA 2024.3\jbr\bin;C:\Windows\SYSTEM32;C:\Windows\WinSxS\amd64_microsoft.windows.common-controls_6595b64144ccf1df_6.0.19041.4355_none_60b8b9eb71f62e16;D:\Program Files\IntelliJ\IntelliJ IDEA 2024.3\jbr\bin\server

VM Arguments:
jvm_args: -Djava.rmi.server.hostname=127.0.0.1 -Duser.timezone=UTC -Xmx2048m -Xms128m -Djdbc.classpath=C:\Users\Duongw\AppData\Local\Temp\RemoteDriver27066.classpath.txt --add-exports=java.desktop/sun.awt=ALL-UNNAMED --add-exports=java.desktop/java.awt.peer=ALL-UNNAMED --add-opens=java.desktop/java.awt=ALL-UNNAMED --add-opens=jdk.unsupported/sun.misc=ALL-UNNAMED --add-opens=java.base/java.nio=ALL-UNNAMED --add-opens=java.base/java.util=ALL-UNNAMED -Dfile.encoding=UTF-8 -Dsun.stdout.encoding=UTF-8 -Dsun.stderr.encoding=UTF-8 
java_command: com.intellij.database.remote.RemoteJdbcServer oracle.jdbc.OracleDriver
java_class_path (initial): D:\Program Files\IntelliJ\IntelliJ IDEA 2024.3\lib\util_rt.jar;D:\Program Files\IntelliJ\IntelliJ IDEA 2024.3\lib\util-8.jar;D:\Program Files\IntelliJ\IntelliJ IDEA 2024.3\lib\groovy.jar;D:\Program Files\IntelliJ\IntelliJ IDEA 2024.3\plugins\DatabaseTools\lib\jdbc-console.jar;D:\Program Files\IntelliJ\IntelliJ IDEA 2024.3\plugins\grid-core-impl\lib\jdbc-console-types.jar;D:\Program Files\IntelliJ\IntelliJ IDEA 2024.3\lib\util.jar;D:\Program Files\IntelliJ\IntelliJ IDEA 2024.3\lib\bouncy-castle.jar
Launcher Type: SUN_STANDARD

[Global flags]
     intx CICompilerCount                          = 4                                         {product} {ergonomic}
     uint ConcGCThreads                            = 2                                         {product} {ergonomic}
     uint G1ConcRefinementThreads                  = 8                                         {product} {ergonomic}
   size_t G1HeapRegionSize                         = 1048576                                   {product} {ergonomic}
    uintx GCDrainStackTargetSize                   = 64                                        {product} {ergonomic}
   size_t InitialHeapSize                          = 134217728                                 {product} {command line}
   size_t MarkStackSize                            = 4194304                                   {product} {ergonomic}
   size_t MaxHeapSize                              = 2147483648                                {product} {command line}
   size_t MaxNewSize                               = 1287651328                                {product} {ergonomic}
   size_t MinHeapDeltaBytes                        = 1048576                                   {product} {ergonomic}
   size_t MinHeapSize                              = 134217728                                 {product} {command line}
    uintx NonNMethodCodeHeapSize                   = 5839372                                {pd product} {ergonomic}
    uintx NonProfiledCodeHeapSize                  = 122909434                              {pd product} {ergonomic}
    uintx ProfiledCodeHeapSize                     = 122909434                              {pd product} {ergonomic}
    uintx ReservedCodeCacheSize                    = 251658240                              {pd product} {ergonomic}
     bool SegmentedCodeCache                       = true                                      {product} {ergonomic}
   size_t SoftMaxHeapSize                          = 2147483648                             {manageable} {ergonomic}
     bool UseCompressedOops                        = true                           {product lp64_product} {ergonomic}
     bool UseG1GC                                  = true                                      {product} {ergonomic}
     bool UseLargePagesIndividualAllocation        = false                                  {pd product} {ergonomic}

Logging:
Log output configuration:
 #0: stdout all=warning uptime,level,tags foldmultilines=false
 #1: stderr all=off uptime,level,tags foldmultilines=false

Environment Variables:
JAVA_HOME=C:\Program Files\Java\jdk-17
PATH=D:\oracle\product\19c\dbhome1\bin;C:\Program Files\Common Files\Oracle\Java\javapath;C:\Program Files (x86)\Common Files\Oracle\Java\java8path;C:\Program Files (x86)\Common Files\Oracle\Java\javapath;C:\Windows\system32;C:\Windows;C:\Windows\System32\Wbem;C:\Windows\System32\WindowsPowerShell\v1.0\;C:\Windows\System32\OpenSSH\;C:\Program Files\Java\jdk-17\bin;C:\Program Files\apache-maven-3.9.4\bin;D:\Program Files\python 3.11;%MYSQL_HOME%\bin;D:\Program Files\Graphviz\bin\bin;C:\ProgramData\chocolatey\bin;C:\Users\Duongw\AppData\Roaming\nvm;C:\Program Files\nodejs;C:\Program Files\nodejs\;C:\Program Files\Git\cmd;C:\Program Files\Docker\Docker\resources\bin;C:\Program Files\dotnet\;C:\Program Files\MySQL\MySQL Shell 8.0\bin\;D:\Program Files\python 3.11\Scripts\;D:\Program Files\python 3.11\;C:\Users\Duongw\AppData\Local\Microsoft\WindowsApps;D:\Program files\IntelliJ IDEA 2023.2.2\bin;D:\Program files\Pycharm\PyCharm Community Edition 2023.2.1\bin;C:\Users\Duongw\AppData\Local\Programs\oh-my-posh\bin;D:\Program Files\python 3.11;D:\Program Files\Microsoft VScode\Microsoft VS Code\bin;D:\Program Files\DataGrip 2023.2.2\bin;D:\Program Files\Graphviz\bin;C:\Users\Duongw\AppData\Local\JetBrains\Toolbox\scripts;C:\Users\Duongw\AppData\Roaming\nvm;C:\Program Files\nodejs;C:\Users\Duongw\AppData\Roaming\npm;D:\Program Files\PyCharm 2023.3.2\bin;;D:\Program Files\WebStorm 2024.3.1\bin;;D:\Program Files\IntelliJ\IntelliJ IDEA 2024.3\bin;;D:\Program Files\OpenSSL-Win64\bin;
USERNAME=Duongw
OS=Windows_NT
PROCESSOR_IDENTIFIER=Intel64 Family 6 Model 140 Stepping 1, GenuineIntel
TMP=C:\Users\Duongw\AppData\Local\Temp
TEMP=C:\Users\Duongw\AppData\Local\Temp




Periodic native trim disabled

JNI global refs:
JNI global refs: 17, weak refs: 0

JNI global refs memory usage: 835, weak refs: 833

Process memory usage:
Resident Set Size: 134324K (0% of 33314808K total physical memory with 9115420K free physical memory)

OOME stack traces (most recent first):
Classloader memory used:
